2026-05-12 20:14:12 [ERROR]: [GET] /api/faqs → 500: MongooseError: Cannot call `faqs.find()` before initial connection is complete if `bufferCommands = false`. Make sure you `await mongoose.connect()` if you have `bufferCommands = false`.
    at NativeCollection.<computed> [as find] (C:\Users\Lenovo\Downloads\hashlay-backend (3)\hashlay-backend\node_modules\mongoose\lib\drivers\node-mongodb-native\collection.js:237:15)
    at model.Query._find (C:\Users\Lenovo\Downloads\hashlay-backend (3)\hashlay-backend\node_modules\mongoose\lib\query.js:2425:48)
    at model.Query.exec (C:\Users\Lenovo\Downloads\hashlay-backend (3)\hashlay-backend\node_modules\mongoose\lib\query.js:4627:80)
    at process.processTicksAndRejections (node:internal/process/task_queues:104:5)
    at async exports.getFaqs (C:\Users\Lenovo\Downloads\hashlay-backend (3)\hashlay-backend\controllers\miscControllers.js:110:16)
2026-05-12 20:28:45 [ERROR]: [GET] /api/faqs → 500: MongooseError: Cannot call `faqs.find()` before initial connection is complete if `bufferCommands = false`. Make sure you `await mongoose.connect()` if you have `bufferCommands = false`.
    at NativeCollection.<computed> [as find] (C:\Users\Lenovo\Downloads\hashlay-backend (3)\hashlay-backend\node_modules\mongoose\lib\drivers\node-mongodb-native\collection.js:237:15)
    at model.Query._find (C:\Users\Lenovo\Downloads\hashlay-backend (3)\hashlay-backend\node_modules\mongoose\lib\query.js:2425:48)
    at model.Query.exec (C:\Users\Lenovo\Downloads\hashlay-backend (3)\hashlay-backend\node_modules\mongoose\lib\query.js:4627:80)
    at process.processTicksAndRejections (node:internal/process/task_queues:104:5)
    at async exports.getFaqs (C:\Users\Lenovo\Downloads\hashlay-backend (3)\hashlay-backend\controllers\miscControllers.js:110:16)
2026-05-15 21:37:33 [ERROR]: ❌ MongoDB connection error:
2026-05-15 21:38:38 [ERROR]: ❌ MongoDB connection error:
2026-05-15 21:39:49 [ERROR]: ❌ MongoDB connection error:
2026-05-15 21:47:38 [ERROR]: [OPTIONS] /api/settings/public → 500: Error: CORS: Origin http://127.0.0.1:8080 not allowed
    at origin (C:\Users\Lenovo\Downloads\hashlay-backend (3)\hashlay-backend\server.js:40:14)
    at C:\Users\Lenovo\Downloads\hashlay-backend (3)\hashlay-backend\node_modules\cors\lib\index.js:219:13
    at optionsCallback (C:\Users\Lenovo\Downloads\hashlay-backend (3)\hashlay-backend\node_modules\cors\lib\index.js:199:9)
    at corsMiddleware (C:\Users\Lenovo\Downloads\hashlay-backend (3)\hashlay-backend\node_modules\cors\lib\index.js:204:7)
    at newFn (C:\Users\Lenovo\Downloads\hashlay-backend (3)\hashlay-backend\node_modules\express-async-errors\index.js:16:20)
    at Layer.handle [as handle_request] (C:\Users\Lenovo\Downloads\hashlay-backend (3)\hashlay-backend\node_modules\express\lib\router\layer.js:95:5)
    at trim_prefix (C:\Users\Lenovo\Downloads\hashlay-backend (3)\hashlay-backend\node_modules\express\lib\router\index.js:328:13)
    at C:\Users\Lenovo\Downloads\hashlay-backend (3)\hashlay-backend\node_modules\express\lib\router\index.js:286:9
    at router.process_params (C:\Users\Lenovo\Downloads\hashlay-backend (3)\hashlay-backend\node_modules\express\lib\router\index.js:346:12)
    at next (C:\Users\Lenovo\Downloads\hashlay-backend (3)\hashlay-backend\node_modules\express\lib\router\index.js:280:10)
2026-05-15 21:47:38 [ERROR]: [OPTIONS] /api/products → 500: Error: CORS: Origin http://127.0.0.1:8080 not allowed
    at origin (C:\Users\Lenovo\Downloads\hashlay-backend (3)\hashlay-backend\server.js:40:14)
    at C:\Users\Lenovo\Downloads\hashlay-backend (3)\hashlay-backend\node_modules\cors\lib\index.js:219:13
    at optionsCallback (C:\Users\Lenovo\Downloads\hashlay-backend (3)\hashlay-backend\node_modules\cors\lib\index.js:199:9)
    at corsMiddleware (C:\Users\Lenovo\Downloads\hashlay-backend (3)\hashlay-backend\node_modules\cors\lib\index.js:204:7)
    at newFn (C:\Users\Lenovo\Downloads\hashlay-backend (3)\hashlay-backend\node_modules\express-async-errors\index.js:16:20)
    at Layer.handle [as handle_request] (C:\Users\Lenovo\Downloads\hashlay-backend (3)\hashlay-backend\node_modules\express\lib\router\layer.js:95:5)
    at trim_prefix (C:\Users\Lenovo\Downloads\hashlay-backend (3)\hashlay-backend\node_modules\express\lib\router\index.js:328:13)
    at C:\Users\Lenovo\Downloads\hashlay-backend (3)\hashlay-backend\node_modules\express\lib\router\index.js:286:9
    at router.process_params (C:\Users\Lenovo\Downloads\hashlay-backend (3)\hashlay-backend\node_modules\express\lib\router\index.js:346:12)
    at next (C:\Users\Lenovo\Downloads\hashlay-backend (3)\hashlay-backend\node_modules\express\lib\router\index.js:280:10)
2026-05-15 21:47:38 [ERROR]: [OPTIONS] /api/products/categories → 500: Error: CORS: Origin http://127.0.0.1:8080 not allowed
    at origin (C:\Users\Lenovo\Downloads\hashlay-backend (3)\hashlay-backend\server.js:40:14)
    at C:\Users\Lenovo\Downloads\hashlay-backend (3)\hashlay-backend\node_modules\cors\lib\index.js:219:13
    at optionsCallback (C:\Users\Lenovo\Downloads\hashlay-backend (3)\hashlay-backend\node_modules\cors\lib\index.js:199:9)
    at corsMiddleware (C:\Users\Lenovo\Downloads\hashlay-backend (3)\hashlay-backend\node_modules\cors\lib\index.js:204:7)
    at newFn (C:\Users\Lenovo\Downloads\hashlay-backend (3)\hashlay-backend\node_modules\express-async-errors\index.js:16:20)
    at Layer.handle [as handle_request] (C:\Users\Lenovo\Downloads\hashlay-backend (3)\hashlay-backend\node_modules\express\lib\router\layer.js:95:5)
    at trim_prefix (C:\Users\Lenovo\Downloads\hashlay-backend (3)\hashlay-backend\node_modules\express\lib\router\index.js:328:13)
    at C:\Users\Lenovo\Downloads\hashlay-backend (3)\hashlay-backend\node_modules\express\lib\router\index.js:286:9
    at router.process_params (C:\Users\Lenovo\Downloads\hashlay-backend (3)\hashlay-backend\node_modules\express\lib\router\index.js:346:12)
    at next (C:\Users\Lenovo\Downloads\hashlay-backend (3)\hashlay-backend\node_modules\express\lib\router\index.js:280:10)
2026-05-15 21:47:38 [ERROR]: [OPTIONS] /api/sync/manifest → 500: Error: CORS: Origin http://127.0.0.1:8080 not allowed
    at origin (C:\Users\Lenovo\Downloads\hashlay-backend (3)\hashlay-backend\server.js:40:14)
    at C:\Users\Lenovo\Downloads\hashlay-backend (3)\hashlay-backend\node_modules\cors\lib\index.js:219:13
    at optionsCallback (C:\Users\Lenovo\Downloads\hashlay-backend (3)\hashlay-backend\node_modules\cors\lib\index.js:199:9)
    at corsMiddleware (C:\Users\Lenovo\Downloads\hashlay-backend (3)\hashlay-backend\node_modules\cors\lib\index.js:204:7)
    at newFn (C:\Users\Lenovo\Downloads\hashlay-backend (3)\hashlay-backend\node_modules\express-async-errors\index.js:16:20)
    at Layer.handle [as handle_request] (C:\Users\Lenovo\Downloads\hashlay-backend (3)\hashlay-backend\node_modules\express\lib\router\layer.js:95:5)
    at trim_prefix (C:\Users\Lenovo\Downloads\hashlay-backend (3)\hashlay-backend\node_modules\express\lib\router\index.js:328:13)
    at C:\Users\Lenovo\Downloads\hashlay-backend (3)\hashlay-backend\node_modules\express\lib\router\index.js:286:9
    at router.process_params (C:\Users\Lenovo\Downloads\hashlay-backend (3)\hashlay-backend\node_modules\express\lib\router\index.js:346:12)
    at next (C:\Users\Lenovo\Downloads\hashlay-backend (3)\hashlay-backend\node_modules\express\lib\router\index.js:280:10)
2026-05-15 21:47:38 [ERROR]: [OPTIONS] /api/reviews → 500: Error: CORS: Origin http://127.0.0.1:8080 not allowed
    at origin (C:\Users\Lenovo\Downloads\hashlay-backend (3)\hashlay-backend\server.js:40:14)
    at C:\Users\Lenovo\Downloads\hashlay-backend (3)\hashlay-backend\node_modules\cors\lib\index.js:219:13
    at optionsCallback (C:\Users\Lenovo\Downloads\hashlay-backend (3)\hashlay-backend\node_modules\cors\lib\index.js:199:9)
    at corsMiddleware (C:\Users\Lenovo\Downloads\hashlay-backend (3)\hashlay-backend\node_modules\cors\lib\index.js:204:7)
    at newFn (C:\Users\Lenovo\Downloads\hashlay-backend (3)\hashlay-backend\node_modules\express-async-errors\index.js:16:20)
    at Layer.handle [as handle_request] (C:\Users\Lenovo\Downloads\hashlay-backend (3)\hashlay-backend\node_modules\express\lib\router\layer.js:95:5)
    at trim_prefix (C:\Users\Lenovo\Downloads\hashlay-backend (3)\hashlay-backend\node_modules\express\lib\router\index.js:328:13)
    at C:\Users\Lenovo\Downloads\hashlay-backend (3)\hashlay-backend\node_modules\express\lib\router\index.js:286:9
    at router.process_params (C:\Users\Lenovo\Downloads\hashlay-backend (3)\hashlay-backend\node_modules\express\lib\router\index.js:346:12)
    at next (C:\Users\Lenovo\Downloads\hashlay-backend (3)\hashlay-backend\node_modules\express\lib\router\index.js:280:10)
2026-05-15 21:47:38 [ERROR]: [OPTIONS] /api/faqs → 500: Error: CORS: Origin http://127.0.0.1:8080 not allowed
    at origin (C:\Users\Lenovo\Downloads\hashlay-backend (3)\hashlay-backend\server.js:40:14)
    at C:\Users\Lenovo\Downloads\hashlay-backend (3)\hashlay-backend\node_modules\cors\lib\index.js:219:13
    at optionsCallback (C:\Users\Lenovo\Downloads\hashlay-backend (3)\hashlay-backend\node_modules\cors\lib\index.js:199:9)
    at corsMiddleware (C:\Users\Lenovo\Downloads\hashlay-backend (3)\hashlay-backend\node_modules\cors\lib\index.js:204:7)
    at newFn (C:\Users\Lenovo\Downloads\hashlay-backend (3)\hashlay-backend\node_modules\express-async-errors\index.js:16:20)
    at Layer.handle [as handle_request] (C:\Users\Lenovo\Downloads\hashlay-backend (3)\hashlay-backend\node_modules\express\lib\router\layer.js:95:5)
    at trim_prefix (C:\Users\Lenovo\Downloads\hashlay-backend (3)\hashlay-backend\node_modules\express\lib\router\index.js:328:13)
    at C:\Users\Lenovo\Downloads\hashlay-backend (3)\hashlay-backend\node_modules\express\lib\router\index.js:286:9
    at router.process_params (C:\Users\Lenovo\Downloads\hashlay-backend (3)\hashlay-backend\node_modules\express\lib\router\index.js:346:12)
    at next (C:\Users\Lenovo\Downloads\hashlay-backend (3)\hashlay-backend\node_modules\express\lib\router\index.js:280:10)
2026-05-15 21:52:38 [ERROR]: [OPTIONS] /api/sync/manifest → 500: Error: CORS: Origin http://127.0.0.1:8080 not allowed
    at origin (C:\Users\Lenovo\Downloads\hashlay-backend (3)\hashlay-backend\server.js:40:14)
    at C:\Users\Lenovo\Downloads\hashlay-backend (3)\hashlay-backend\node_modules\cors\lib\index.js:219:13
    at optionsCallback (C:\Users\Lenovo\Downloads\hashlay-backend (3)\hashlay-backend\node_modules\cors\lib\index.js:199:9)
    at corsMiddleware (C:\Users\Lenovo\Downloads\hashlay-backend (3)\hashlay-backend\node_modules\cors\lib\index.js:204:7)
    at newFn (C:\Users\Lenovo\Downloads\hashlay-backend (3)\hashlay-backend\node_modules\express-async-errors\index.js:16:20)
    at Layer.handle [as handle_request] (C:\Users\Lenovo\Downloads\hashlay-backend (3)\hashlay-backend\node_modules\express\lib\router\layer.js:95:5)
    at trim_prefix (C:\Users\Lenovo\Downloads\hashlay-backend (3)\hashlay-backend\node_modules\express\lib\router\index.js:328:13)
    at C:\Users\Lenovo\Downloads\hashlay-backend (3)\hashlay-backend\node_modules\express\lib\router\index.js:286:9
    at router.process_params (C:\Users\Lenovo\Downloads\hashlay-backend (3)\hashlay-backend\node_modules\express\lib\router\index.js:346:12)
    at next (C:\Users\Lenovo\Downloads\hashlay-backend (3)\hashlay-backend\node_modules\express\lib\router\index.js:280:10)
2026-05-15 21:57:38 [ERROR]: [OPTIONS] /api/sync/manifest → 500: Error: CORS: Origin http://127.0.0.1:8080 not allowed
    at origin (C:\Users\Lenovo\Downloads\hashlay-backend (3)\hashlay-backend\server.js:40:14)
    at C:\Users\Lenovo\Downloads\hashlay-backend (3)\hashlay-backend\node_modules\cors\lib\index.js:219:13
    at optionsCallback (C:\Users\Lenovo\Downloads\hashlay-backend (3)\hashlay-backend\node_modules\cors\lib\index.js:199:9)
    at corsMiddleware (C:\Users\Lenovo\Downloads\hashlay-backend (3)\hashlay-backend\node_modules\cors\lib\index.js:204:7)
    at newFn (C:\Users\Lenovo\Downloads\hashlay-backend (3)\hashlay-backend\node_modules\express-async-errors\index.js:16:20)
    at Layer.handle [as handle_request] (C:\Users\Lenovo\Downloads\hashlay-backend (3)\hashlay-backend\node_modules\express\lib\router\layer.js:95:5)
    at trim_prefix (C:\Users\Lenovo\Downloads\hashlay-backend (3)\hashlay-backend\node_modules\express\lib\router\index.js:328:13)
    at C:\Users\Lenovo\Downloads\hashlay-backend (3)\hashlay-backend\node_modules\express\lib\router\index.js:286:9
    at router.process_params (C:\Users\Lenovo\Downloads\hashlay-backend (3)\hashlay-backend\node_modules\express\lib\router\index.js:346:12)
    at next (C:\Users\Lenovo\Downloads\hashlay-backend (3)\hashlay-backend\node_modules\express\lib\router\index.js:280:10)
2026-05-15 22:02:38 [ERROR]: [OPTIONS] /api/sync/manifest → 500: Error: CORS: Origin http://127.0.0.1:8080 not allowed
    at origin (C:\Users\Lenovo\Downloads\hashlay-backend (3)\hashlay-backend\server.js:40:14)
    at C:\Users\Lenovo\Downloads\hashlay-backend (3)\hashlay-backend\node_modules\cors\lib\index.js:219:13
    at optionsCallback (C:\Users\Lenovo\Downloads\hashlay-backend (3)\hashlay-backend\node_modules\cors\lib\index.js:199:9)
    at corsMiddleware (C:\Users\Lenovo\Downloads\hashlay-backend (3)\hashlay-backend\node_modules\cors\lib\index.js:204:7)
    at newFn (C:\Users\Lenovo\Downloads\hashlay-backend (3)\hashlay-backend\node_modules\express-async-errors\index.js:16:20)
    at Layer.handle [as handle_request] (C:\Users\Lenovo\Downloads\hashlay-backend (3)\hashlay-backend\node_modules\express\lib\router\layer.js:95:5)
    at trim_prefix (C:\Users\Lenovo\Downloads\hashlay-backend (3)\hashlay-backend\node_modules\express\lib\router\index.js:328:13)
    at C:\Users\Lenovo\Downloads\hashlay-backend (3)\hashlay-backend\node_modules\express\lib\router\index.js:286:9
    at router.process_params (C:\Users\Lenovo\Downloads\hashlay-backend (3)\hashlay-backend\node_modules\express\lib\router\index.js:346:12)
    at next (C:\Users\Lenovo\Downloads\hashlay-backend (3)\hashlay-backend\node_modules\express\lib\router\index.js:280:10)
2026-05-15 22:07:38 [ERROR]: [OPTIONS] /api/sync/manifest → 500: Error: CORS: Origin http://127.0.0.1:8080 not allowed
    at origin (C:\Users\Lenovo\Downloads\hashlay-backend (3)\hashlay-backend\server.js:40:14)
    at C:\Users\Lenovo\Downloads\hashlay-backend (3)\hashlay-backend\node_modules\cors\lib\index.js:219:13
    at optionsCallback (C:\Users\Lenovo\Downloads\hashlay-backend (3)\hashlay-backend\node_modules\cors\lib\index.js:199:9)
    at corsMiddleware (C:\Users\Lenovo\Downloads\hashlay-backend (3)\hashlay-backend\node_modules\cors\lib\index.js:204:7)
    at newFn (C:\Users\Lenovo\Downloads\hashlay-backend (3)\hashlay-backend\node_modules\express-async-errors\index.js:16:20)
    at Layer.handle [as handle_request] (C:\Users\Lenovo\Downloads\hashlay-backend (3)\hashlay-backend\node_modules\express\lib\router\layer.js:95:5)
    at trim_prefix (C:\Users\Lenovo\Downloads\hashlay-backend (3)\hashlay-backend\node_modules\express\lib\router\index.js:328:13)
    at C:\Users\Lenovo\Downloads\hashlay-backend (3)\hashlay-backend\node_modules\express\lib\router\index.js:286:9
    at router.process_params (C:\Users\Lenovo\Downloads\hashlay-backend (3)\hashlay-backend\node_modules\express\lib\router\index.js:346:12)
    at next (C:\Users\Lenovo\Downloads\hashlay-backend (3)\hashlay-backend\node_modules\express\lib\router\index.js:280:10)
2026-05-16 06:27:37 [ERROR]: [POST] /api/upload/product → 500: MulterError: Unexpected field
    at wrappedFileFilter (C:\Users\Lenovo\Downloads\hashlay-backend (3)\hashlay-backend\node_modules\multer\index.js:40:19)
    at Multipart.<anonymous> (C:\Users\Lenovo\Downloads\hashlay-backend (3)\hashlay-backend\node_modules\multer\lib\make-middleware.js:109:7)
    at Multipart.emit (node:events:509:28)
    at HeaderParser.cb (C:\Users\Lenovo\Downloads\hashlay-backend (3)\hashlay-backend\node_modules\busboy\lib\types\multipart.js:358:14)
    at HeaderParser.push (C:\Users\Lenovo\Downloads\hashlay-backend (3)\hashlay-backend\node_modules\busboy\lib\types\multipart.js:162:20)
    at SBMH.ssCb [as _cb] (C:\Users\Lenovo\Downloads\hashlay-backend (3)\hashlay-backend\node_modules\busboy\lib\types\multipart.js:394:37)
    at feed (C:\Users\Lenovo\Downloads\hashlay-backend (3)\hashlay-backend\node_modules\streamsearch\lib\sbmh.js:248:10)
    at SBMH.push (C:\Users\Lenovo\Downloads\hashlay-backend (3)\hashlay-backend\node_modules\streamsearch\lib\sbmh.js:104:16)
    at Multipart._write (C:\Users\Lenovo\Downloads\hashlay-backend (3)\hashlay-backend\node_modules\busboy\lib\types\multipart.js:567:19)
    at writeOrBuffer (node:internal/streams/writable:570:12)
2026-05-16 06:27:44 [ERROR]: [POST] /api/upload/product → 500: MulterError: Unexpected field
    at wrappedFileFilter (C:\Users\Lenovo\Downloads\hashlay-backend (3)\hashlay-backend\node_modules\multer\index.js:40:19)
    at Multipart.<anonymous> (C:\Users\Lenovo\Downloads\hashlay-backend (3)\hashlay-backend\node_modules\multer\lib\make-middleware.js:109:7)
    at Multipart.emit (node:events:509:28)
    at HeaderParser.cb (C:\Users\Lenovo\Downloads\hashlay-backend (3)\hashlay-backend\node_modules\busboy\lib\types\multipart.js:358:14)
    at HeaderParser.push (C:\Users\Lenovo\Downloads\hashlay-backend (3)\hashlay-backend\node_modules\busboy\lib\types\multipart.js:162:20)
    at SBMH.ssCb [as _cb] (C:\Users\Lenovo\Downloads\hashlay-backend (3)\hashlay-backend\node_modules\busboy\lib\types\multipart.js:394:37)
    at feed (C:\Users\Lenovo\Downloads\hashlay-backend (3)\hashlay-backend\node_modules\streamsearch\lib\sbmh.js:248:10)
    at SBMH.push (C:\Users\Lenovo\Downloads\hashlay-backend (3)\hashlay-backend\node_modules\streamsearch\lib\sbmh.js:104:16)
    at Multipart._write (C:\Users\Lenovo\Downloads\hashlay-backend (3)\hashlay-backend\node_modules\busboy\lib\types\multipart.js:567:19)
    at writeOrBuffer (node:internal/streams/writable:570:12)
2026-05-16 06:30:42 [ERROR]: Unhandled Rejection: Unknown API key your_api_key
2026-05-16 06:30:42 [ERROR]: [POST] /api/upload/product → 500: undefined
2026-05-16 06:50:49 [ERROR]: [Email] Error:
2026-05-16 07:00:17 [ERROR]: Unhandled Rejection: Invalid cloud_name drj19ghh
2026-05-16 07:00:17 [ERROR]: [POST] /api/upload/product → 500: undefined
2026-05-16 07:26:03 [ERROR]: [POST] /api/orders → 409: OrderNumber already exists
MongoServerError: E11000 duplicate key error collection: test.orders index: orderNumber_1 dup key: { orderNumber: null }
    at InsertOneOperation.handleOk (C:\Users\Lenovo\Downloads\hashlay-backend (3)\hashlay-backend\node_modules\mongodb\lib\operations\insert.js:51:19)
    at tryOperation (C:\Users\Lenovo\Downloads\hashlay-backend (3)\hashlay-backend\node_modules\mongodb\lib\operations\execute_operation.js:214:34)
    at process.processTicksAndRejections (node:internal/process/task_queues:104:5)
    at async executeOperation (C:\Users\Lenovo\Downloads\hashlay-backend (3)\hashlay-backend\node_modules\mongodb\lib\operations\execute_operation.js:78:16)
    at async Collection.insertOne (C:\Users\Lenovo\Downloads\hashlay-backend (3)\hashlay-backend\node_modules\mongodb\lib\collection.js:154:16)
2026-05-16 07:28:15 [ERROR]: [Email] Error:
2026-05-16 07:33:03 [ERROR]: [GET] /api/sync/manifest → 500: getaddrinfo ENOTFOUND ac-oyh7nyc-shard-00-00.qr6bfyn.mongodb.net
MongoServerSelectionError: getaddrinfo ENOTFOUND ac-oyh7nyc-shard-00-00.qr6bfyn.mongodb.net
    at Topology.selectServer (C:\Users\Lenovo\Downloads\hashlay-backend (3)\hashlay-backend\node_modules\mongodb\lib\sdam\topology.js:327:38)
    at runNextTicks (node:internal/process/task_queues:65:5)
    at listOnTimeout (node:internal/timers:567:9)
    at process.processTimers (node:internal/timers:541:7)
    at async tryOperation (C:\Users\Lenovo\Downloads\hashlay-backend (3)\hashlay-backend\node_modules\mongodb\lib\operations\execute_operation.js:148:18)
    at async executeOperation (C:\Users\Lenovo\Downloads\hashlay-backend (3)\hashlay-backend\node_modules\mongodb\lib\operations\execute_operation.js:78:16)
    at async FindCursor._initialize (C:\Users\Lenovo\Downloads\hashlay-backend (3)\hashlay-backend\node_modules\mongodb\lib\cursor\find_cursor.js:62:26)
    at async FindCursor.cursorInit (C:\Users\Lenovo\Downloads\hashlay-backend (3)\hashlay-backend\node_modules\mongodb\lib\cursor\abstract_cursor.js:632:27)
    at async FindCursor.fetchBatch (C:\Users\Lenovo\Downloads\hashlay-backend (3)\hashlay-backend\node_modules\mongodb\lib\cursor\abstract_cursor.js:666:13)
    at async FindCursor.next (C:\Users\Lenovo\Downloads\hashlay-backend (3)\hashlay-backend\node_modules\mongodb\lib\cursor\abstract_cursor.js:342:17)
2026-05-16 07:38:03 [ERROR]: [GET] /api/sync/manifest → 500: getaddrinfo ENOTFOUND ac-oyh7nyc-shard-00-00.qr6bfyn.mongodb.net
MongoServerSelectionError: getaddrinfo ENOTFOUND ac-oyh7nyc-shard-00-00.qr6bfyn.mongodb.net
    at Topology.selectServer (C:\Users\Lenovo\Downloads\hashlay-backend (3)\hashlay-backend\node_modules\mongodb\lib\sdam\topology.js:327:38)
    at runNextTicks (node:internal/process/task_queues:65:5)
    at listOnTimeout (node:internal/timers:567:9)
    at process.processTimers (node:internal/timers:541:7)
    at async tryOperation (C:\Users\Lenovo\Downloads\hashlay-backend (3)\hashlay-backend\node_modules\mongodb\lib\operations\execute_operation.js:148:18)
    at async executeOperation (C:\Users\Lenovo\Downloads\hashlay-backend (3)\hashlay-backend\node_modules\mongodb\lib\operations\execute_operation.js:78:16)
    at async FindCursor._initialize (C:\Users\Lenovo\Downloads\hashlay-backend (3)\hashlay-backend\node_modules\mongodb\lib\cursor\find_cursor.js:62:26)
    at async FindCursor.cursorInit (C:\Users\Lenovo\Downloads\hashlay-backend (3)\hashlay-backend\node_modules\mongodb\lib\cursor\abstract_cursor.js:632:27)
    at async FindCursor.fetchBatch (C:\Users\Lenovo\Downloads\hashlay-backend (3)\hashlay-backend\node_modules\mongodb\lib\cursor\abstract_cursor.js:666:13)
    at async FindCursor.next (C:\Users\Lenovo\Downloads\hashlay-backend (3)\hashlay-backend\node_modules\mongodb\lib\cursor\abstract_cursor.js:342:17)
2026-05-16 07:43:03 [ERROR]: [GET] /api/sync/manifest → 500: getaddrinfo ENOTFOUND ac-oyh7nyc-shard-00-00.qr6bfyn.mongodb.net
MongoServerSelectionError: getaddrinfo ENOTFOUND ac-oyh7nyc-shard-00-00.qr6bfyn.mongodb.net
    at Topology.selectServer (C:\Users\Lenovo\Downloads\hashlay-backend (3)\hashlay-backend\node_modules\mongodb\lib\sdam\topology.js:327:38)
    at runNextTicks (node:internal/process/task_queues:65:5)
    at listOnTimeout (node:internal/timers:567:9)
    at process.processTimers (node:internal/timers:541:7)
    at async tryOperation (C:\Users\Lenovo\Downloads\hashlay-backend (3)\hashlay-backend\node_modules\mongodb\lib\operations\execute_operation.js:148:18)
    at async executeOperation (C:\Users\Lenovo\Downloads\hashlay-backend (3)\hashlay-backend\node_modules\mongodb\lib\operations\execute_operation.js:78:16)
    at async FindCursor._initialize (C:\Users\Lenovo\Downloads\hashlay-backend (3)\hashlay-backend\node_modules\mongodb\lib\cursor\find_cursor.js:62:26)
    at async FindCursor.cursorInit (C:\Users\Lenovo\Downloads\hashlay-backend (3)\hashlay-backend\node_modules\mongodb\lib\cursor\abstract_cursor.js:632:27)
    at async FindCursor.fetchBatch (C:\Users\Lenovo\Downloads\hashlay-backend (3)\hashlay-backend\node_modules\mongodb\lib\cursor\abstract_cursor.js:666:13)
    at async FindCursor.next (C:\Users\Lenovo\Downloads\hashlay-backend (3)\hashlay-backend\node_modules\mongodb\lib\cursor\abstract_cursor.js:342:17)
2026-05-16 12:51:52 [ERROR]: [Email] Error:
2026-05-16 12:51:54 [ERROR]: [Email] Error:
2026-05-16 13:36:49 [ERROR]: [Email] Error:
2026-05-16 13:45:02 [ERROR]: [Email] Error:
2026-05-16 13:45:48 [ERROR]: [Email] Error:
2026-05-16 15:23:32 [ERROR]: [Email] Error:
2026-05-16 16:08:53 [ERROR]: [Email] Error:
2026-05-16 16:45:58 [ERROR]: [Email] Error:
2026-05-16 17:00:32 [ERROR]: [GET] /api/sync/manifest → 500: Socket 'secureConnect' timed out after 30533ms (connectTimeoutMS: 30000)
MongoServerSelectionError: Socket 'secureConnect' timed out after 30533ms (connectTimeoutMS: 30000)
    at Topology.selectServer (C:\Users\Lenovo\Downloads\final website\hashlay-backend\node_modules\mongodb\lib\sdam\topology.js:327:38)
    at runNextTicks (node:internal/process/task_queues:65:5)
    at listOnTimeout (node:internal/timers:567:9)
    at process.processTimers (node:internal/timers:541:7)
    at async tryOperation (C:\Users\Lenovo\Downloads\final website\hashlay-backend\node_modules\mongodb\lib\operations\execute_operation.js:148:18)
    at async executeOperation (C:\Users\Lenovo\Downloads\final website\hashlay-backend\node_modules\mongodb\lib\operations\execute_operation.js:78:16)
    at async FindCursor._initialize (C:\Users\Lenovo\Downloads\final website\hashlay-backend\node_modules\mongodb\lib\cursor\find_cursor.js:62:26)
    at async FindCursor.cursorInit (C:\Users\Lenovo\Downloads\final website\hashlay-backend\node_modules\mongodb\lib\cursor\abstract_cursor.js:632:27)
    at async FindCursor.fetchBatch (C:\Users\Lenovo\Downloads\final website\hashlay-backend\node_modules\mongodb\lib\cursor\abstract_cursor.js:666:13)
    at async FindCursor.next (C:\Users\Lenovo\Downloads\final website\hashlay-backend\node_modules\mongodb\lib\cursor\abstract_cursor.js:342:17)
2026-05-16 17:00:37 [ERROR]: [GET] /api/sync/manifest → 500: Socket 'secureConnect' timed out after 30533ms (connectTimeoutMS: 30000)
MongoServerSelectionError: Socket 'secureConnect' timed out after 30533ms (connectTimeoutMS: 30000)
    at Topology.selectServer (C:\Users\Lenovo\Downloads\final website\hashlay-backend\node_modules\mongodb\lib\sdam\topology.js:327:38)
    at runNextTicks (node:internal/process/task_queues:65:5)
    at listOnTimeout (node:internal/timers:567:9)
    at process.processTimers (node:internal/timers:541:7)
    at async tryOperation (C:\Users\Lenovo\Downloads\final website\hashlay-backend\node_modules\mongodb\lib\operations\execute_operation.js:148:18)
    at async executeOperation (C:\Users\Lenovo\Downloads\final website\hashlay-backend\node_modules\mongodb\lib\operations\execute_operation.js:78:16)
    at async FindCursor._initialize (C:\Users\Lenovo\Downloads\final website\hashlay-backend\node_modules\mongodb\lib\cursor\find_cursor.js:62:26)
    at async FindCursor.cursorInit (C:\Users\Lenovo\Downloads\final website\hashlay-backend\node_modules\mongodb\lib\cursor\abstract_cursor.js:632:27)
    at async FindCursor.fetchBatch (C:\Users\Lenovo\Downloads\final website\hashlay-backend\node_modules\mongodb\lib\cursor\abstract_cursor.js:666:13)
    at async FindCursor.next (C:\Users\Lenovo\Downloads\final website\hashlay-backend\node_modules\mongodb\lib\cursor\abstract_cursor.js:342:17)
2026-05-16 17:47:49 [ERROR]: [POST] /api/admins → 409: Email already exists
MongoServerError: E11000 duplicate key error collection: test.admins index: email_1 dup key: { email: "admin@hashlay.in" }
    at InsertOneOperation.handleOk (C:\Users\Lenovo\Downloads\final website\hashlay-backend\node_modules\mongodb\lib\operations\insert.js:51:19)
    at tryOperation (C:\Users\Lenovo\Downloads\final website\hashlay-backend\node_modules\mongodb\lib\operations\execute_operation.js:214:34)
    at process.processTicksAndRejections (node:internal/process/task_queues:104:5)
    at async executeOperation (C:\Users\Lenovo\Downloads\final website\hashlay-backend\node_modules\mongodb\lib\operations\execute_operation.js:78:16)
    at async Collection.insertOne (C:\Users\Lenovo\Downloads\final website\hashlay-backend\node_modules\mongodb\lib\collection.js:154:16)
2026-05-16 18:03:35 [ERROR]: [Email] Error:
2026-05-17 00:02:49 [ERROR]: ❌ MongoDB connection error:
2026-05-17 00:10:42 [ERROR]: [GET] /api/sync/manifest → 500: Cannot call `products.findOne()` before initial connection is complete if `bufferCommands = false`. Make sure you `await mongoose.connect()` if you have `bufferCommands = false`.
MongooseError: Cannot call `products.findOne()` before initial connection is complete if `bufferCommands = false`. Make sure you `await mongoose.connect()` if you have `bufferCommands = false`.
    at NativeCollection.<computed> [as findOne] (C:\Users\Lenovo\Downloads\final website\hashlay-backend\node_modules\mongoose\lib\drivers\node-mongodb-native\collection.js:237:15)
    at model.Query._findOne (C:\Users\Lenovo\Downloads\final website\hashlay-backend\node_modules\mongoose\lib\query.js:2710:45)
    at model.Query.exec (C:\Users\Lenovo\Downloads\final website\hashlay-backend\node_modules\mongoose\lib\query.js:4627:80)
    at process.processTicksAndRejections (node:internal/process/task_queues:104:5)
    at async Promise.all (index 0)
    at async C:\Users\Lenovo\Downloads\final website\hashlay-backend\routes\sync.js:10:49
2026-05-17 11:01:25 [ERROR]: ❌ MongoDB connection error:
2026-05-17 12:29:25 [ERROR]: [POST] /api/auth/login → 500: getaddrinfo ENOTFOUND ac-oyh7nyc-shard-00-01.qr6bfyn.mongodb.net
MongoServerSelectionError: getaddrinfo ENOTFOUND ac-oyh7nyc-shard-00-01.qr6bfyn.mongodb.net
    at Topology.selectServer (C:\Users\Lenovo\Downloads\final website\hashlay-backend\node_modules\mongodb\lib\sdam\topology.js:327:38)
    at async tryOperation (C:\Users\Lenovo\Downloads\final website\hashlay-backend\node_modules\mongodb\lib\operations\execute_operation.js:148:18)
    at async executeOperation (C:\Users\Lenovo\Downloads\final website\hashlay-backend\node_modules\mongodb\lib\operations\execute_operation.js:78:16)
    at async FindCursor._initialize (C:\Users\Lenovo\Downloads\final website\hashlay-backend\node_modules\mongodb\lib\cursor\find_cursor.js:62:26)
    at async FindCursor.cursorInit (C:\Users\Lenovo\Downloads\final website\hashlay-backend\node_modules\mongodb\lib\cursor\abstract_cursor.js:632:27)
    at async FindCursor.fetchBatch (C:\Users\Lenovo\Downloads\final website\hashlay-backend\node_modules\mongodb\lib\cursor\abstract_cursor.js:666:13)
    at async FindCursor.next (C:\Users\Lenovo\Downloads\final website\hashlay-backend\node_modules\mongodb\lib\cursor\abstract_cursor.js:342:17)
    at async Collection.findOne (C:\Users\Lenovo\Downloads\final website\hashlay-backend\node_modules\mongodb\lib\collection.js:313:24)
    at async model.Query._findOne (C:\Users\Lenovo\Downloads\final website\hashlay-backend\node_modules\mongoose\lib\query.js:2710:15)
    at async model.Query.exec (C:\Users\Lenovo\Downloads\final website\hashlay-backend\node_modules\mongoose\lib\query.js:4627:63)
2026-05-17 12:29:56 [ERROR]: ❌ MongoDB connection error:
2026-05-17 12:30:06 [ERROR]: ❌ MongoDB connection error:
2026-05-17 12:34:49 [ERROR]: [Email] Error:
2026-05-17 12:53:13 [ERROR]: ❌ MongoDB connection error:
2026-05-17 14:21:49 [ERROR]: [GET] /api/sync/manifest → 500: getaddrinfo ENOTFOUND ac-oyh7nyc-shard-00-02.qr6bfyn.mongodb.net
MongoServerSelectionError: getaddrinfo ENOTFOUND ac-oyh7nyc-shard-00-02.qr6bfyn.mongodb.net
    at Topology.selectServer (C:\Users\Lenovo\Downloads\final website\hashlay-backend\node_modules\mongodb\lib\sdam\topology.js:327:38)
    at runNextTicks (node:internal/process/task_queues:65:5)
    at listOnTimeout (node:internal/timers:567:9)
    at process.processTimers (node:internal/timers:541:7)
    at async tryOperation (C:\Users\Lenovo\Downloads\final website\hashlay-backend\node_modules\mongodb\lib\operations\execute_operation.js:148:18)
    at async executeOperation (C:\Users\Lenovo\Downloads\final website\hashlay-backend\node_modules\mongodb\lib\operations\execute_operation.js:78:16)
    at async FindCursor._initialize (C:\Users\Lenovo\Downloads\final website\hashlay-backend\node_modules\mongodb\lib\cursor\find_cursor.js:62:26)
    at async FindCursor.cursorInit (C:\Users\Lenovo\Downloads\final website\hashlay-backend\node_modules\mongodb\lib\cursor\abstract_cursor.js:632:27)
    at async FindCursor.fetchBatch (C:\Users\Lenovo\Downloads\final website\hashlay-backend\node_modules\mongodb\lib\cursor\abstract_cursor.js:666:13)
    at async FindCursor.next (C:\Users\Lenovo\Downloads\final website\hashlay-backend\node_modules\mongodb\lib\cursor\abstract_cursor.js:342:17)
2026-05-17 16:39:24 [ERROR]: Unhandled Rejection: Invalid cloud_name drj19ghh
2026-05-17 16:39:24 [ERROR]: [POST] /api/upload/product → 500: Invalid cloud_name drj19ghh
undefined
2026-05-17 16:39:24 [ERROR]: Unhandled Rejection: Invalid cloud_name drj19ghh
2026-05-17 16:39:24 [ERROR]: [POST] /api/upload/product → 500: Invalid cloud_name drj19ghh
undefined
2026-05-17 16:39:26 [ERROR]: Unhandled Rejection: Invalid cloud_name drj19ghh
2026-05-17 16:39:26 [ERROR]: [POST] /api/upload/product → 500: Invalid cloud_name drj19ghh
undefined
2026-05-17 16:39:36 [ERROR]: Unhandled Rejection: Invalid cloud_name drj19ghh
2026-05-17 16:39:36 [ERROR]: [POST] /api/upload/product → 500: Invalid cloud_name drj19ghh
undefined
2026-05-17 17:06:06 [ERROR]: Unhandled Rejection:
2026-05-17 17:06:06 [ERROR]: Unhandled Rejection:
2026-05-17 17:06:11 [ERROR]: [POST] /api/upload/product → 500: Request Timeout
undefined
2026-05-17 17:06:11 [ERROR]: [POST] /api/upload/product → 500: Request Timeout
undefined
2026-05-17 18:09:05 [ERROR]: Unhandled Rejection: Image file format mp4 not allowed
2026-05-17 18:09:05 [ERROR]: [POST] /api/upload/banner → 500: Image file format mp4 not allowed
undefined
2026-05-17 18:09:11 [ERROR]: Unhandled Rejection: Image file format mp4 not allowed
2026-05-17 18:09:11 [ERROR]: [POST] /api/upload/banner → 500: Image file format mp4 not allowed
undefined
2026-05-17 18:14:57 [ERROR]: Unhandled Rejection: Image file format mp4 not allowed
2026-05-17 18:14:57 [ERROR]: [POST] /api/upload/banner → 500: Image file format mp4 not allowed
undefined
2026-05-17 18:18:26 [ERROR]: [GET] /api/settings/public → 500: Cannot call `settings.find()` before initial connection is complete if `bufferCommands = false`. Make sure you `await mongoose.connect()` if you have `bufferCommands = false`.
MongooseError: Cannot call `settings.find()` before initial connection is complete if `bufferCommands = false`. Make sure you `await mongoose.connect()` if you have `bufferCommands = false`.
    at NativeCollection.<computed> [as find] (C:\Users\Lenovo\Downloads\final website\hashlay-backend\node_modules\mongoose\lib\drivers\node-mongodb-native\collection.js:237:15)
    at model.Query._find (C:\Users\Lenovo\Downloads\final website\hashlay-backend\node_modules\mongoose\lib\query.js:2425:48)
    at model.Query.exec (C:\Users\Lenovo\Downloads\final website\hashlay-backend\node_modules\mongoose\lib\query.js:4627:80)
    at process.processTicksAndRejections (node:internal/process/task_queues:104:5)
    at async exports.getPublic (C:\Users\Lenovo\Downloads\final website\hashlay-backend\controllers\settingsController.js:47:20)
2026-05-17 18:18:26 [ERROR]: [GET] /api/products → 500: Cannot call `products.countDocuments()` before initial connection is complete if `bufferCommands = false`. Make sure you `await mongoose.connect()` if you have `bufferCommands = false`.
MongooseError: Cannot call `products.countDocuments()` before initial connection is complete if `bufferCommands = false`. Make sure you `await mongoose.connect()` if you have `bufferCommands = false`.
    at NativeCollection.<computed> [as countDocuments] (C:\Users\Lenovo\Downloads\final website\hashlay-backend\node_modules\mongoose\lib\drivers\node-mongodb-native\collection.js:237:15)
    at model.Query._countDocuments (C:\Users\Lenovo\Downloads\final website\hashlay-backend\node_modules\mongoose\lib\query.js:2808:34)
    at model.Query.exec (C:\Users\Lenovo\Downloads\final website\hashlay-backend\node_modules\mongoose\lib\query.js:4627:80)
    at process.processTicksAndRejections (node:internal/process/task_queues:104:5)
    at async Promise.all (index 0)
    at async exports.getProducts (C:\Users\Lenovo\Downloads\final website\hashlay-backend\controllers\productController.js:19:18)
2026-05-17 18:18:26 [ERROR]: [GET] /api/products/categories → 500: Cannot call `products.distinct()` before initial connection is complete if `bufferCommands = false`. Make sure you `await mongoose.connect()` if you have `bufferCommands = false`.
MongooseError: Cannot call `products.distinct()` before initial connection is complete if `bufferCommands = false`. Make sure you `await mongoose.connect()` if you have `bufferCommands = false`.
    at NativeCollection.<computed> [as distinct] (C:\Users\Lenovo\Downloads\final website\hashlay-backend\node_modules\mongoose\lib\drivers\node-mongodb-native\collection.js:237:15)
    at model.Query.__distinct (C:\Users\Lenovo\Downloads\final website\hashlay-backend\node_modules\mongoose\lib\query.js:2975:5)
    at model.Query.exec (C:\Users\Lenovo\Downloads\final website\hashlay-backend\node_modules\mongoose\lib\query.js:4627:80)
    at process.processTicksAndRejections (node:internal/process/task_queues:104:5)
    at async exports.getCategories (C:\Users\Lenovo\Downloads\final website\hashlay-backend\controllers\productController.js:107:16)
2026-05-17 18:18:26 [ERROR]: [GET] /api/settings/public → 500: Cannot call `settings.find()` before initial connection is complete if `bufferCommands = false`. Make sure you `await mongoose.connect()` if you have `bufferCommands = false`.
MongooseError: Cannot call `settings.find()` before initial connection is complete if `bufferCommands = false`. Make sure you `await mongoose.connect()` if you have `bufferCommands = false`.
    at NativeCollection.<computed> [as find] (C:\Users\Lenovo\Downloads\final website\hashlay-backend\node_modules\mongoose\lib\drivers\node-mongodb-native\collection.js:237:15)
    at model.Query._find (C:\Users\Lenovo\Downloads\final website\hashlay-backend\node_modules\mongoose\lib\query.js:2425:48)
    at model.Query.exec (C:\Users\Lenovo\Downloads\final website\hashlay-backend\node_modules\mongoose\lib\query.js:4627:80)
    at process.processTicksAndRejections (node:internal/process/task_queues:104:5)
    at async exports.getPublic (C:\Users\Lenovo\Downloads\final website\hashlay-backend\controllers\settingsController.js:47:20)
2026-05-17 18:18:26 [ERROR]: [GET] /api/products/categories → 500: Cannot call `products.distinct()` before initial connection is complete if `bufferCommands = false`. Make sure you `await mongoose.connect()` if you have `bufferCommands = false`.
MongooseError: Cannot call `products.distinct()` before initial connection is complete if `bufferCommands = false`. Make sure you `await mongoose.connect()` if you have `bufferCommands = false`.
    at NativeCollection.<computed> [as distinct] (C:\Users\Lenovo\Downloads\final website\hashlay-backend\node_modules\mongoose\lib\drivers\node-mongodb-native\collection.js:237:15)
    at model.Query.__distinct (C:\Users\Lenovo\Downloads\final website\hashlay-backend\node_modules\mongoose\lib\query.js:2975:5)
    at model.Query.exec (C:\Users\Lenovo\Downloads\final website\hashlay-backend\node_modules\mongoose\lib\query.js:4627:80)
    at process.processTicksAndRejections (node:internal/process/task_queues:104:5)
    at async exports.getCategories (C:\Users\Lenovo\Downloads\final website\hashlay-backend\controllers\productController.js:107:16)
2026-05-17 18:18:26 [ERROR]: [GET] /api/products → 500: Cannot call `products.countDocuments()` before initial connection is complete if `bufferCommands = false`. Make sure you `await mongoose.connect()` if you have `bufferCommands = false`.
MongooseError: Cannot call `products.countDocuments()` before initial connection is complete if `bufferCommands = false`. Make sure you `await mongoose.connect()` if you have `bufferCommands = false`.
    at NativeCollection.<computed> [as countDocuments] (C:\Users\Lenovo\Downloads\final website\hashlay-backend\node_modules\mongoose\lib\drivers\node-mongodb-native\collection.js:237:15)
    at model.Query._countDocuments (C:\Users\Lenovo\Downloads\final website\hashlay-backend\node_modules\mongoose\lib\query.js:2808:34)
    at model.Query.exec (C:\Users\Lenovo\Downloads\final website\hashlay-backend\node_modules\mongoose\lib\query.js:4627:80)
    at process.processTicksAndRejections (node:internal/process/task_queues:104:5)
    at async Promise.all (index 0)
    at async exports.getProducts (C:\Users\Lenovo\Downloads\final website\hashlay-backend\controllers\productController.js:19:18)
2026-05-17 18:18:26 [ERROR]: [GET] /api/settings/beforeAfter → 500: Cannot call `settings.findOne()` before initial connection is complete if `bufferCommands = false`. Make sure you `await mongoose.connect()` if you have `bufferCommands = false`.
MongooseError: Cannot call `settings.findOne()` before initial connection is complete if `bufferCommands = false`. Make sure you `await mongoose.connect()` if you have `bufferCommands = false`.
    at NativeCollection.<computed> [as findOne] (C:\Users\Lenovo\Downloads\final website\hashlay-backend\node_modules\mongoose\lib\drivers\node-mongodb-native\collection.js:237:15)
    at model.Query._findOne (C:\Users\Lenovo\Downloads\final website\hashlay-backend\node_modules\mongoose\lib\query.js:2710:45)
    at model.Query.exec (C:\Users\Lenovo\Downloads\final website\hashlay-backend\node_modules\mongoose\lib\query.js:4627:80)
    at process.processTicksAndRejections (node:internal/process/task_queues:104:5)
    at async exports.get (C:\Users\Lenovo\Downloads\final website\hashlay-backend\controllers\settingsController.js:36:19)
2026-05-17 18:18:26 [ERROR]: [GET] /api/settings/beforeAfter → 500: Cannot call `settings.findOne()` before initial connection is complete if `bufferCommands = false`. Make sure you `await mongoose.connect()` if you have `bufferCommands = false`.
MongooseError: Cannot call `settings.findOne()` before initial connection is complete if `bufferCommands = false`. Make sure you `await mongoose.connect()` if you have `bufferCommands = false`.
    at NativeCollection.<computed> [as findOne] (C:\Users\Lenovo\Downloads\final website\hashlay-backend\node_modules\mongoose\lib\drivers\node-mongodb-native\collection.js:237:15)
    at model.Query._findOne (C:\Users\Lenovo\Downloads\final website\hashlay-backend\node_modules\mongoose\lib\query.js:2710:45)
    at model.Query.exec (C:\Users\Lenovo\Downloads\final website\hashlay-backend\node_modules\mongoose\lib\query.js:4627:80)
    at process.processTicksAndRejections (node:internal/process/task_queues:104:5)
    at async exports.get (C:\Users\Lenovo\Downloads\final website\hashlay-backend\controllers\settingsController.js:36:19)
2026-05-17 18:18:26 [ERROR]: [GET] /api/settings/videoSection → 500: Cannot call `settings.findOne()` before initial connection is complete if `bufferCommands = false`. Make sure you `await mongoose.connect()` if you have `bufferCommands = false`.
MongooseError: Cannot call `settings.findOne()` before initial connection is complete if `bufferCommands = false`. Make sure you `await mongoose.connect()` if you have `bufferCommands = false`.
    at NativeCollection.<computed> [as findOne] (C:\Users\Lenovo\Downloads\final website\hashlay-backend\node_modules\mongoose\lib\drivers\node-mongodb-native\collection.js:237:15)
    at model.Query._findOne (C:\Users\Lenovo\Downloads\final website\hashlay-backend\node_modules\mongoose\lib\query.js:2710:45)
    at model.Query.exec (C:\Users\Lenovo\Downloads\final website\hashlay-backend\node_modules\mongoose\lib\query.js:4627:80)
    at process.processTicksAndRejections (node:internal/process/task_queues:104:5)
    at async exports.get (C:\Users\Lenovo\Downloads\final website\hashlay-backend\controllers\settingsController.js:36:19)
2026-05-17 18:18:26 [ERROR]: [GET] /api/settings/videoSection → 500: Cannot call `settings.findOne()` before initial connection is complete if `bufferCommands = false`. Make sure you `await mongoose.connect()` if you have `bufferCommands = false`.
MongooseError: Cannot call `settings.findOne()` before initial connection is complete if `bufferCommands = false`. Make sure you `await mongoose.connect()` if you have `bufferCommands = false`.
    at NativeCollection.<computed> [as findOne] (C:\Users\Lenovo\Downloads\final website\hashlay-backend\node_modules\mongoose\lib\drivers\node-mongodb-native\collection.js:237:15)
    at model.Query._findOne (C:\Users\Lenovo\Downloads\final website\hashlay-backend\node_modules\mongoose\lib\query.js:2710:45)
    at model.Query.exec (C:\Users\Lenovo\Downloads\final website\hashlay-backend\node_modules\mongoose\lib\query.js:4627:80)
    at process.processTicksAndRejections (node:internal/process/task_queues:104:5)
    at async exports.get (C:\Users\Lenovo\Downloads\final website\hashlay-backend\controllers\settingsController.js:36:19)
2026-05-17 18:18:26 [ERROR]: [GET] /api/settings/carCareSection → 500: Cannot call `settings.findOne()` before initial connection is complete if `bufferCommands = false`. Make sure you `await mongoose.connect()` if you have `bufferCommands = false`.
MongooseError: Cannot call `settings.findOne()` before initial connection is complete if `bufferCommands = false`. Make sure you `await mongoose.connect()` if you have `bufferCommands = false`.
    at NativeCollection.<computed> [as findOne] (C:\Users\Lenovo\Downloads\final website\hashlay-backend\node_modules\mongoose\lib\drivers\node-mongodb-native\collection.js:237:15)
    at model.Query._findOne (C:\Users\Lenovo\Downloads\final website\hashlay-backend\node_modules\mongoose\lib\query.js:2710:45)
    at model.Query.exec (C:\Users\Lenovo\Downloads\final website\hashlay-backend\node_modules\mongoose\lib\query.js:4627:80)
    at process.processTicksAndRejections (node:internal/process/task_queues:104:5)
    at async exports.get (C:\Users\Lenovo\Downloads\final website\hashlay-backend\controllers\settingsController.js:36:19)
2026-05-17 18:18:26 [ERROR]: [GET] /api/settings/carCareSection → 500: Cannot call `settings.findOne()` before initial connection is complete if `bufferCommands = false`. Make sure you `await mongoose.connect()` if you have `bufferCommands = false`.
MongooseError: Cannot call `settings.findOne()` before initial connection is complete if `bufferCommands = false`. Make sure you `await mongoose.connect()` if you have `bufferCommands = false`.
    at NativeCollection.<computed> [as findOne] (C:\Users\Lenovo\Downloads\final website\hashlay-backend\node_modules\mongoose\lib\drivers\node-mongodb-native\collection.js:237:15)
    at model.Query._findOne (C:\Users\Lenovo\Downloads\final website\hashlay-backend\node_modules\mongoose\lib\query.js:2710:45)
    at model.Query.exec (C:\Users\Lenovo\Downloads\final website\hashlay-backend\node_modules\mongoose\lib\query.js:4627:80)
    at process.processTicksAndRejections (node:internal/process/task_queues:104:5)
    at async exports.get (C:\Users\Lenovo\Downloads\final website\hashlay-backend\controllers\settingsController.js:36:19)
2026-05-17 18:18:26 [ERROR]: [GET] /api/sync/manifest → 500: Cannot call `products.findOne()` before initial connection is complete if `bufferCommands = false`. Make sure you `await mongoose.connect()` if you have `bufferCommands = false`.
MongooseError: Cannot call `products.findOne()` before initial connection is complete if `bufferCommands = false`. Make sure you `await mongoose.connect()` if you have `bufferCommands = false`.
    at NativeCollection.<computed> [as findOne] (C:\Users\Lenovo\Downloads\final website\hashlay-backend\node_modules\mongoose\lib\drivers\node-mongodb-native\collection.js:237:15)
    at model.Query._findOne (C:\Users\Lenovo\Downloads\final website\hashlay-backend\node_modules\mongoose\lib\query.js:2710:45)
    at model.Query.exec (C:\Users\Lenovo\Downloads\final website\hashlay-backend\node_modules\mongoose\lib\query.js:4627:80)
    at process.processTicksAndRejections (node:internal/process/task_queues:104:5)
    at async Promise.all (index 0)
    at async C:\Users\Lenovo\Downloads\final website\hashlay-backend\routes\sync.js:10:49
2026-05-17 18:18:26 [ERROR]: [GET] /api/sync/manifest → 500: Cannot call `products.findOne()` before initial connection is complete if `bufferCommands = false`. Make sure you `await mongoose.connect()` if you have `bufferCommands = false`.
MongooseError: Cannot call `products.findOne()` before initial connection is complete if `bufferCommands = false`. Make sure you `await mongoose.connect()` if you have `bufferCommands = false`.
    at NativeCollection.<computed> [as findOne] (C:\Users\Lenovo\Downloads\final website\hashlay-backend\node_modules\mongoose\lib\drivers\node-mongodb-native\collection.js:237:15)
    at model.Query._findOne (C:\Users\Lenovo\Downloads\final website\hashlay-backend\node_modules\mongoose\lib\query.js:2710:45)
    at model.Query.exec (C:\Users\Lenovo\Downloads\final website\hashlay-backend\node_modules\mongoose\lib\query.js:4627:80)
    at process.processTicksAndRejections (node:internal/process/task_queues:104:5)
    at async Promise.all (index 0)
    at async C:\Users\Lenovo\Downloads\final website\hashlay-backend\routes\sync.js:10:49
2026-05-17 18:18:26 [ERROR]: [GET] /api/reviews → 500: Cannot call `reviews.countDocuments()` before initial connection is complete if `bufferCommands = false`. Make sure you `await mongoose.connect()` if you have `bufferCommands = false`.
MongooseError: Cannot call `reviews.countDocuments()` before initial connection is complete if `bufferCommands = false`. Make sure you `await mongoose.connect()` if you have `bufferCommands = false`.
    at NativeCollection.<computed> [as countDocuments] (C:\Users\Lenovo\Downloads\final website\hashlay-backend\node_modules\mongoose\lib\drivers\node-mongodb-native\collection.js:237:15)
    at model.Query._countDocuments (C:\Users\Lenovo\Downloads\final website\hashlay-backend\node_modules\mongoose\lib\query.js:2808:34)
    at model.Query.exec (C:\Users\Lenovo\Downloads\final website\hashlay-backend\node_modules\mongoose\lib\query.js:4627:80)
    at process.processTicksAndRejections (node:internal/process/task_queues:104:5)
    at async Promise.all (index 0)
    at async exports.getReviews (C:\Users\Lenovo\Downloads\final website\hashlay-backend\controllers\miscControllers.js:21:18)
2026-05-17 18:18:26 [ERROR]: [GET] /api/reviews → 500: Cannot call `reviews.countDocuments()` before initial connection is complete if `bufferCommands = false`. Make sure you `await mongoose.connect()` if you have `bufferCommands = false`.
MongooseError: Cannot call `reviews.countDocuments()` before initial connection is complete if `bufferCommands = false`. Make sure you `await mongoose.connect()` if you have `bufferCommands = false`.
    at NativeCollection.<computed> [as countDocuments] (C:\Users\Lenovo\Downloads\final website\hashlay-backend\node_modules\mongoose\lib\drivers\node-mongodb-native\collection.js:237:15)
    at model.Query._countDocuments (C:\Users\Lenovo\Downloads\final website\hashlay-backend\node_modules\mongoose\lib\query.js:2808:34)
    at model.Query.exec (C:\Users\Lenovo\Downloads\final website\hashlay-backend\node_modules\mongoose\lib\query.js:4627:80)
    at process.processTicksAndRejections (node:internal/process/task_queues:104:5)
    at async Promise.all (index 0)
    at async exports.getReviews (C:\Users\Lenovo\Downloads\final website\hashlay-backend\controllers\miscControllers.js:21:18)
2026-05-17 18:18:27 [ERROR]: [GET] /api/chatbot/public → 500: Cannot call `chatbots.find()` before initial connection is complete if `bufferCommands = false`. Make sure you `await mongoose.connect()` if you have `bufferCommands = false`.
MongooseError: Cannot call `chatbots.find()` before initial connection is complete if `bufferCommands = false`. Make sure you `await mongoose.connect()` if you have `bufferCommands = false`.
    at NativeCollection.<computed> [as find] (C:\Users\Lenovo\Downloads\final website\hashlay-backend\node_modules\mongoose\lib\drivers\node-mongodb-native\collection.js:237:15)
    at model.Query._find (C:\Users\Lenovo\Downloads\final website\hashlay-backend\node_modules\mongoose\lib\query.js:2425:48)
    at model.Query.exec (C:\Users\Lenovo\Downloads\final website\hashlay-backend\node_modules\mongoose\lib\query.js:4627:80)
    at process.processTicksAndRejections (node:internal/process/task_queues:104:5)
    at async exports.getChatbotRules (C:\Users\Lenovo\Downloads\final website\hashlay-backend\controllers\miscControllers.js:180:17)
2026-05-17 18:18:27 [ERROR]: [GET] /api/chatbot/public → 500: Cannot call `chatbots.find()` before initial connection is complete if `bufferCommands = false`. Make sure you `await mongoose.connect()` if you have `bufferCommands = false`.
MongooseError: Cannot call `chatbots.find()` before initial connection is complete if `bufferCommands = false`. Make sure you `await mongoose.connect()` if you have `bufferCommands = false`.
    at NativeCollection.<computed> [as find] (C:\Users\Lenovo\Downloads\final website\hashlay-backend\node_modules\mongoose\lib\drivers\node-mongodb-native\collection.js:237:15)
    at model.Query._find (C:\Users\Lenovo\Downloads\final website\hashlay-backend\node_modules\mongoose\lib\query.js:2425:48)
    at model.Query.exec (C:\Users\Lenovo\Downloads\final website\hashlay-backend\node_modules\mongoose\lib\query.js:4627:80)
    at process.processTicksAndRejections (node:internal/process/task_queues:104:5)
    at async exports.getChatbotRules (C:\Users\Lenovo\Downloads\final website\hashlay-backend\controllers\miscControllers.js:180:17)
2026-05-17 18:26:07 [ERROR]: Unhandled Rejection:
2026-05-17 18:40:03 [ERROR]: Unhandled Rejection:
2026-05-17 18:40:17 [ERROR]: Unhandled Rejection:
2026-05-17 18:41:41 [ERROR]: Unhandled Rejection:
2026-05-17 18:41:48 [ERROR]: Unhandled Rejection:
2026-05-17 18:58:30 [ERROR]: ❌ MongoDB connection error:
2026-05-17 19:12:21 [ERROR]: [GET] /api/settings/beforeAfter → 500: Cannot call `settings.findOne()` before initial connection is complete if `bufferCommands = false`. Make sure you `await mongoose.connect()` if you have `bufferCommands = false`.
MongooseError: Cannot call `settings.findOne()` before initial connection is complete if `bufferCommands = false`. Make sure you `await mongoose.connect()` if you have `bufferCommands = false`.
    at NativeCollection.<computed> [as findOne] (C:\Users\Lenovo\Downloads\final website\hashlay-backend\node_modules\mongoose\lib\drivers\node-mongodb-native\collection.js:237:15)
    at model.Query._findOne (C:\Users\Lenovo\Downloads\final website\hashlay-backend\node_modules\mongoose\lib\query.js:2710:45)
    at model.Query.exec (C:\Users\Lenovo\Downloads\final website\hashlay-backend\node_modules\mongoose\lib\query.js:4627:80)
    at process.processTicksAndRejections (node:internal/process/task_queues:104:5)
    at async exports.get (C:\Users\Lenovo\Downloads\final website\hashlay-backend\controllers\settingsController.js:36:19)
2026-05-17 19:12:21 [ERROR]: [GET] /api/settings/beforeAfter → 500: Cannot call `settings.findOne()` before initial connection is complete if `bufferCommands = false`. Make sure you `await mongoose.connect()` if you have `bufferCommands = false`.
MongooseError: Cannot call `settings.findOne()` before initial connection is complete if `bufferCommands = false`. Make sure you `await mongoose.connect()` if you have `bufferCommands = false`.
    at NativeCollection.<computed> [as findOne] (C:\Users\Lenovo\Downloads\final website\hashlay-backend\node_modules\mongoose\lib\drivers\node-mongodb-native\collection.js:237:15)
    at model.Query._findOne (C:\Users\Lenovo\Downloads\final website\hashlay-backend\node_modules\mongoose\lib\query.js:2710:45)
    at model.Query.exec (C:\Users\Lenovo\Downloads\final website\hashlay-backend\node_modules\mongoose\lib\query.js:4627:80)
    at process.processTicksAndRejections (node:internal/process/task_queues:104:5)
    at async exports.get (C:\Users\Lenovo\Downloads\final website\hashlay-backend\controllers\settingsController.js:36:19)
2026-05-17 19:12:21 [ERROR]: [GET] /api/settings/videoSection → 500: Cannot call `settings.findOne()` before initial connection is complete if `bufferCommands = false`. Make sure you `await mongoose.connect()` if you have `bufferCommands = false`.
MongooseError: Cannot call `settings.findOne()` before initial connection is complete if `bufferCommands = false`. Make sure you `await mongoose.connect()` if you have `bufferCommands = false`.
    at NativeCollection.<computed> [as findOne] (C:\Users\Lenovo\Downloads\final website\hashlay-backend\node_modules\mongoose\lib\drivers\node-mongodb-native\collection.js:237:15)
    at model.Query._findOne (C:\Users\Lenovo\Downloads\final website\hashlay-backend\node_modules\mongoose\lib\query.js:2710:45)
    at model.Query.exec (C:\Users\Lenovo\Downloads\final website\hashlay-backend\node_modules\mongoose\lib\query.js:4627:80)
    at process.processTicksAndRejections (node:internal/process/task_queues:104:5)
    at async exports.get (C:\Users\Lenovo\Downloads\final website\hashlay-backend\controllers\settingsController.js:36:19)
2026-05-17 19:12:21 [ERROR]: [GET] /api/settings/videoSection → 500: Cannot call `settings.findOne()` before initial connection is complete if `bufferCommands = false`. Make sure you `await mongoose.connect()` if you have `bufferCommands = false`.
MongooseError: Cannot call `settings.findOne()` before initial connection is complete if `bufferCommands = false`. Make sure you `await mongoose.connect()` if you have `bufferCommands = false`.
    at NativeCollection.<computed> [as findOne] (C:\Users\Lenovo\Downloads\final website\hashlay-backend\node_modules\mongoose\lib\drivers\node-mongodb-native\collection.js:237:15)
    at model.Query._findOne (C:\Users\Lenovo\Downloads\final website\hashlay-backend\node_modules\mongoose\lib\query.js:2710:45)
    at model.Query.exec (C:\Users\Lenovo\Downloads\final website\hashlay-backend\node_modules\mongoose\lib\query.js:4627:80)
    at process.processTicksAndRejections (node:internal/process/task_queues:104:5)
    at async exports.get (C:\Users\Lenovo\Downloads\final website\hashlay-backend\controllers\settingsController.js:36:19)
2026-05-17 19:12:21 [ERROR]: [GET] /api/settings/carCareSection → 500: Cannot call `settings.findOne()` before initial connection is complete if `bufferCommands = false`. Make sure you `await mongoose.connect()` if you have `bufferCommands = false`.
MongooseError: Cannot call `settings.findOne()` before initial connection is complete if `bufferCommands = false`. Make sure you `await mongoose.connect()` if you have `bufferCommands = false`.
    at NativeCollection.<computed> [as findOne] (C:\Users\Lenovo\Downloads\final website\hashlay-backend\node_modules\mongoose\lib\drivers\node-mongodb-native\collection.js:237:15)
    at model.Query._findOne (C:\Users\Lenovo\Downloads\final website\hashlay-backend\node_modules\mongoose\lib\query.js:2710:45)
    at model.Query.exec (C:\Users\Lenovo\Downloads\final website\hashlay-backend\node_modules\mongoose\lib\query.js:4627:80)
    at process.processTicksAndRejections (node:internal/process/task_queues:104:5)
    at async exports.get (C:\Users\Lenovo\Downloads\final website\hashlay-backend\controllers\settingsController.js:36:19)
2026-05-17 19:12:21 [ERROR]: [GET] /api/settings/carCareSection → 500: Cannot call `settings.findOne()` before initial connection is complete if `bufferCommands = false`. Make sure you `await mongoose.connect()` if you have `bufferCommands = false`.
MongooseError: Cannot call `settings.findOne()` before initial connection is complete if `bufferCommands = false`. Make sure you `await mongoose.connect()` if you have `bufferCommands = false`.
    at NativeCollection.<computed> [as findOne] (C:\Users\Lenovo\Downloads\final website\hashlay-backend\node_modules\mongoose\lib\drivers\node-mongodb-native\collection.js:237:15)
    at model.Query._findOne (C:\Users\Lenovo\Downloads\final website\hashlay-backend\node_modules\mongoose\lib\query.js:2710:45)
    at model.Query.exec (C:\Users\Lenovo\Downloads\final website\hashlay-backend\node_modules\mongoose\lib\query.js:4627:80)
    at process.processTicksAndRejections (node:internal/process/task_queues:104:5)
    at async exports.get (C:\Users\Lenovo\Downloads\final website\hashlay-backend\controllers\settingsController.js:36:19)
2026-05-17 19:12:21 [ERROR]: [GET] /api/sync/manifest → 500: Cannot call `products.findOne()` before initial connection is complete if `bufferCommands = false`. Make sure you `await mongoose.connect()` if you have `bufferCommands = false`.
MongooseError: Cannot call `products.findOne()` before initial connection is complete if `bufferCommands = false`. Make sure you `await mongoose.connect()` if you have `bufferCommands = false`.
    at NativeCollection.<computed> [as findOne] (C:\Users\Lenovo\Downloads\final website\hashlay-backend\node_modules\mongoose\lib\drivers\node-mongodb-native\collection.js:237:15)
    at model.Query._findOne (C:\Users\Lenovo\Downloads\final website\hashlay-backend\node_modules\mongoose\lib\query.js:2710:45)
    at model.Query.exec (C:\Users\Lenovo\Downloads\final website\hashlay-backend\node_modules\mongoose\lib\query.js:4627:80)
    at process.processTicksAndRejections (node:internal/process/task_queues:104:5)
    at async Promise.all (index 0)
    at async C:\Users\Lenovo\Downloads\final website\hashlay-backend\routes\sync.js:10:49
2026-05-17 19:12:21 [ERROR]: [GET] /api/sync/manifest → 500: Cannot call `products.findOne()` before initial connection is complete if `bufferCommands = false`. Make sure you `await mongoose.connect()` if you have `bufferCommands = false`.
MongooseError: Cannot call `products.findOne()` before initial connection is complete if `bufferCommands = false`. Make sure you `await mongoose.connect()` if you have `bufferCommands = false`.
    at NativeCollection.<computed> [as findOne] (C:\Users\Lenovo\Downloads\final website\hashlay-backend\node_modules\mongoose\lib\drivers\node-mongodb-native\collection.js:237:15)
    at model.Query._findOne (C:\Users\Lenovo\Downloads\final website\hashlay-backend\node_modules\mongoose\lib\query.js:2710:45)
    at model.Query.exec (C:\Users\Lenovo\Downloads\final website\hashlay-backend\node_modules\mongoose\lib\query.js:4627:80)
    at process.processTicksAndRejections (node:internal/process/task_queues:104:5)
    at async Promise.all (index 0)
    at async C:\Users\Lenovo\Downloads\final website\hashlay-backend\routes\sync.js:10:49
2026-05-17 19:12:21 [ERROR]: [GET] /api/reviews → 500: Cannot call `reviews.countDocuments()` before initial connection is complete if `bufferCommands = false`. Make sure you `await mongoose.connect()` if you have `bufferCommands = false`.
MongooseError: Cannot call `reviews.countDocuments()` before initial connection is complete if `bufferCommands = false`. Make sure you `await mongoose.connect()` if you have `bufferCommands = false`.
    at NativeCollection.<computed> [as countDocuments] (C:\Users\Lenovo\Downloads\final website\hashlay-backend\node_modules\mongoose\lib\drivers\node-mongodb-native\collection.js:237:15)
    at model.Query._countDocuments (C:\Users\Lenovo\Downloads\final website\hashlay-backend\node_modules\mongoose\lib\query.js:2808:34)
    at model.Query.exec (C:\Users\Lenovo\Downloads\final website\hashlay-backend\node_modules\mongoose\lib\query.js:4627:80)
    at process.processTicksAndRejections (node:internal/process/task_queues:104:5)
    at async Promise.all (index 0)
    at async exports.getReviews (C:\Users\Lenovo\Downloads\final website\hashlay-backend\controllers\miscControllers.js:21:18)
2026-05-17 19:12:21 [ERROR]: [GET] /api/reviews → 500: Cannot call `reviews.countDocuments()` before initial connection is complete if `bufferCommands = false`. Make sure you `await mongoose.connect()` if you have `bufferCommands = false`.
MongooseError: Cannot call `reviews.countDocuments()` before initial connection is complete if `bufferCommands = false`. Make sure you `await mongoose.connect()` if you have `bufferCommands = false`.
    at NativeCollection.<computed> [as countDocuments] (C:\Users\Lenovo\Downloads\final website\hashlay-backend\node_modules\mongoose\lib\drivers\node-mongodb-native\collection.js:237:15)
    at model.Query._countDocuments (C:\Users\Lenovo\Downloads\final website\hashlay-backend\node_modules\mongoose\lib\query.js:2808:34)
    at model.Query.exec (C:\Users\Lenovo\Downloads\final website\hashlay-backend\node_modules\mongoose\lib\query.js:4627:80)
    at process.processTicksAndRejections (node:internal/process/task_queues:104:5)
    at async Promise.all (index 0)
    at async exports.getReviews (C:\Users\Lenovo\Downloads\final website\hashlay-backend\controllers\miscControllers.js:21:18)
2026-05-17 19:12:21 [ERROR]: [GET] /api/chatbot/public → 500: Cannot call `chatbots.find()` before initial connection is complete if `bufferCommands = false`. Make sure you `await mongoose.connect()` if you have `bufferCommands = false`.
MongooseError: Cannot call `chatbots.find()` before initial connection is complete if `bufferCommands = false`. Make sure you `await mongoose.connect()` if you have `bufferCommands = false`.
    at NativeCollection.<computed> [as find] (C:\Users\Lenovo\Downloads\final website\hashlay-backend\node_modules\mongoose\lib\drivers\node-mongodb-native\collection.js:237:15)
    at model.Query._find (C:\Users\Lenovo\Downloads\final website\hashlay-backend\node_modules\mongoose\lib\query.js:2425:48)
    at model.Query.exec (C:\Users\Lenovo\Downloads\final website\hashlay-backend\node_modules\mongoose\lib\query.js:4627:80)
    at process.processTicksAndRejections (node:internal/process/task_queues:104:5)
    at async exports.getChatbotRules (C:\Users\Lenovo\Downloads\final website\hashlay-backend\controllers\miscControllers.js:180:17)
2026-05-17 19:12:21 [ERROR]: [GET] /api/chatbot/public → 500: Cannot call `chatbots.find()` before initial connection is complete if `bufferCommands = false`. Make sure you `await mongoose.connect()` if you have `bufferCommands = false`.
MongooseError: Cannot call `chatbots.find()` before initial connection is complete if `bufferCommands = false`. Make sure you `await mongoose.connect()` if you have `bufferCommands = false`.
    at NativeCollection.<computed> [as find] (C:\Users\Lenovo\Downloads\final website\hashlay-backend\node_modules\mongoose\lib\drivers\node-mongodb-native\collection.js:237:15)
    at model.Query._find (C:\Users\Lenovo\Downloads\final website\hashlay-backend\node_modules\mongoose\lib\query.js:2425:48)
    at model.Query.exec (C:\Users\Lenovo\Downloads\final website\hashlay-backend\node_modules\mongoose\lib\query.js:4627:80)
    at process.processTicksAndRejections (node:internal/process/task_queues:104:5)
    at async exports.getChatbotRules (C:\Users\Lenovo\Downloads\final website\hashlay-backend\controllers\miscControllers.js:180:17)
2026-05-17 19:17:29 [ERROR]: [GET] /api/products → 500: connection <monitor> to [64:ff9b::9f29:cf89]:27017 timed out
MongoServerSelectionError: connection <monitor> to [64:ff9b::9f29:cf89]:27017 timed out
    at Topology.selectServer (C:\Users\Lenovo\Downloads\final website\hashlay-backend\node_modules\mongodb\lib\sdam\topology.js:327:38)
    at async tryOperation (C:\Users\Lenovo\Downloads\final website\hashlay-backend\node_modules\mongodb\lib\operations\execute_operation.js:196:22)
    at async executeOperation (C:\Users\Lenovo\Downloads\final website\hashlay-backend\node_modules\mongodb\lib\operations\execute_operation.js:78:16)
    at async FindCursor._initialize (C:\Users\Lenovo\Downloads\final website\hashlay-backend\node_modules\mongodb\lib\cursor\find_cursor.js:62:26)
    at async FindCursor.cursorInit (C:\Users\Lenovo\Downloads\final website\hashlay-backend\node_modules\mongodb\lib\cursor\abstract_cursor.js:632:27)
    at async FindCursor.fetchBatch (C:\Users\Lenovo\Downloads\final website\hashlay-backend\node_modules\mongodb\lib\cursor\abstract_cursor.js:666:13)
    at async FindCursor.next (C:\Users\Lenovo\Downloads\final website\hashlay-backend\node_modules\mongodb\lib\cursor\abstract_cursor.js:342:17)
    at async [Symbol.asyncIterator] (C:\Users\Lenovo\Downloads\final website\hashlay-backend\node_modules\mongodb\lib\cursor\abstract_cursor.js:250:34)
    at async FindCursor.toArray (C:\Users\Lenovo\Downloads\final website\hashlay-backend\node_modules\mongodb\lib\cursor\abstract_cursor.js:422:26)
    at async model.Query._find (C:\Users\Lenovo\Downloads\final website\hashlay-backend\node_modules\mongoose\lib\query.js:2430:14)
2026-05-17 19:17:34 [ERROR]: [GET] /api/products → 500: connection <monitor> to [64:ff9b::9f29:cf89]:27017 timed out
MongoServerSelectionError: connection <monitor> to [64:ff9b::9f29:cf89]:27017 timed out
    at Topology.selectServer (C:\Users\Lenovo\Downloads\final website\hashlay-backend\node_modules\mongodb\lib\sdam\topology.js:327:38)
    at runNextTicks (node:internal/process/task_queues:65:5)
    at listOnTimeout (node:internal/timers:567:9)
    at process.processTimers (node:internal/timers:541:7)
    at async tryOperation (C:\Users\Lenovo\Downloads\final website\hashlay-backend\node_modules\mongodb\lib\operations\execute_operation.js:148:18)
    at async executeOperation (C:\Users\Lenovo\Downloads\final website\hashlay-backend\node_modules\mongodb\lib\operations\execute_operation.js:78:16)
    at async AggregationCursor._initialize (C:\Users\Lenovo\Downloads\final website\hashlay-backend\node_modules\mongodb\lib\cursor\aggregation_cursor.js:57:26)
    at async AggregationCursor.cursorInit (C:\Users\Lenovo\Downloads\final website\hashlay-backend\node_modules\mongodb\lib\cursor\abstract_cursor.js:632:27)
    at async AggregationCursor.fetchBatch (C:\Users\Lenovo\Downloads\final website\hashlay-backend\node_modules\mongodb\lib\cursor\abstract_cursor.js:666:13)
    at async AggregationCursor.next (C:\Users\Lenovo\Downloads\final website\hashlay-backend\node_modules\mongodb\lib\cursor\abstract_cursor.js:342:17)
2026-05-17 19:17:34 [ERROR]: [GET] /api/settings/public → 500: connection <monitor> to [64:ff9b::9f29:cf89]:27017 timed out
MongoServerSelectionError: connection <monitor> to [64:ff9b::9f29:cf89]:27017 timed out
    at Topology.selectServer (C:\Users\Lenovo\Downloads\final website\hashlay-backend\node_modules\mongodb\lib\sdam\topology.js:327:38)
    at async tryOperation (C:\Users\Lenovo\Downloads\final website\hashlay-backend\node_modules\mongodb\lib\operations\execute_operation.js:148:18)
    at async executeOperation (C:\Users\Lenovo\Downloads\final website\hashlay-backend\node_modules\mongodb\lib\operations\execute_operation.js:78:16)
    at async FindCursor._initialize (C:\Users\Lenovo\Downloads\final website\hashlay-backend\node_modules\mongodb\lib\cursor\find_cursor.js:62:26)
    at async FindCursor.cursorInit (C:\Users\Lenovo\Downloads\final website\hashlay-backend\node_modules\mongodb\lib\cursor\abstract_cursor.js:632:27)
    at async FindCursor.fetchBatch (C:\Users\Lenovo\Downloads\final website\hashlay-backend\node_modules\mongodb\lib\cursor\abstract_cursor.js:666:13)
    at async FindCursor.next (C:\Users\Lenovo\Downloads\final website\hashlay-backend\node_modules\mongodb\lib\cursor\abstract_cursor.js:342:17)
    at async [Symbol.asyncIterator] (C:\Users\Lenovo\Downloads\final website\hashlay-backend\node_modules\mongodb\lib\cursor\abstract_cursor.js:250:34)
    at async FindCursor.toArray (C:\Users\Lenovo\Downloads\final website\hashlay-backend\node_modules\mongodb\lib\cursor\abstract_cursor.js:422:26)
    at async model.Query._find (C:\Users\Lenovo\Downloads\final website\hashlay-backend\node_modules\mongoose\lib\query.js:2430:14)
2026-05-17 19:17:39 [ERROR]: [GET] /api/settings/public → 500: connection <monitor> to [64:ff9b::9f29:cf89]:27017 timed out
MongoServerSelectionError: connection <monitor> to [64:ff9b::9f29:cf89]:27017 timed out
    at Topology.selectServer (C:\Users\Lenovo\Downloads\final website\hashlay-backend\node_modules\mongodb\lib\sdam\topology.js:327:38)
    at async tryOperation (C:\Users\Lenovo\Downloads\final website\hashlay-backend\node_modules\mongodb\lib\operations\execute_operation.js:148:18)
    at async executeOperation (C:\Users\Lenovo\Downloads\final website\hashlay-backend\node_modules\mongodb\lib\operations\execute_operation.js:78:16)
    at async FindCursor._initialize (C:\Users\Lenovo\Downloads\final website\hashlay-backend\node_modules\mongodb\lib\cursor\find_cursor.js:62:26)
    at async FindCursor.cursorInit (C:\Users\Lenovo\Downloads\final website\hashlay-backend\node_modules\mongodb\lib\cursor\abstract_cursor.js:632:27)
    at async FindCursor.fetchBatch (C:\Users\Lenovo\Downloads\final website\hashlay-backend\node_modules\mongodb\lib\cursor\abstract_cursor.js:666:13)
    at async FindCursor.next (C:\Users\Lenovo\Downloads\final website\hashlay-backend\node_modules\mongodb\lib\cursor\abstract_cursor.js:342:17)
    at async [Symbol.asyncIterator] (C:\Users\Lenovo\Downloads\final website\hashlay-backend\node_modules\mongodb\lib\cursor\abstract_cursor.js:250:34)
    at async FindCursor.toArray (C:\Users\Lenovo\Downloads\final website\hashlay-backend\node_modules\mongodb\lib\cursor\abstract_cursor.js:422:26)
    at async model.Query._find (C:\Users\Lenovo\Downloads\final website\hashlay-backend\node_modules\mongoose\lib\query.js:2430:14)
2026-05-17 19:19:56 [ERROR]: Unhandled Rejection:
2026-05-17 19:21:37 [ERROR]: Unhandled Rejection:
2026-05-17 19:22:02 [ERROR]: Unhandled Rejection:
2026-05-17 19:22:04 [ERROR]: Unhandled Rejection: Server returned unexpected status code - 502
2026-05-17 19:22:54 [ERROR]: Unhandled Rejection:
2026-05-17 20:09:38 [ERROR]: [GET] /api/settings/public → 500: Cannot call `settings.find()` before initial connection is complete if `bufferCommands = false`. Make sure you `await mongoose.connect()` if you have `bufferCommands = false`.
MongooseError: Cannot call `settings.find()` before initial connection is complete if `bufferCommands = false`. Make sure you `await mongoose.connect()` if you have `bufferCommands = false`.
    at NativeCollection.<computed> [as find] (C:\Users\Lenovo\Downloads\final website\hashlay-backend\node_modules\mongoose\lib\drivers\node-mongodb-native\collection.js:237:15)
    at model.Query._find (C:\Users\Lenovo\Downloads\final website\hashlay-backend\node_modules\mongoose\lib\query.js:2425:48)
    at model.Query.exec (C:\Users\Lenovo\Downloads\final website\hashlay-backend\node_modules\mongoose\lib\query.js:4627:80)
    at process.processTicksAndRejections (node:internal/process/task_queues:104:5)
    at async exports.getPublic (C:\Users\Lenovo\Downloads\final website\hashlay-backend\controllers\settingsController.js:47:20)
2026-05-17 20:09:38 [ERROR]: [GET] /api/products → 500: Cannot call `products.countDocuments()` before initial connection is complete if `bufferCommands = false`. Make sure you `await mongoose.connect()` if you have `bufferCommands = false`.
MongooseError: Cannot call `products.countDocuments()` before initial connection is complete if `bufferCommands = false`. Make sure you `await mongoose.connect()` if you have `bufferCommands = false`.
    at NativeCollection.<computed> [as countDocuments] (C:\Users\Lenovo\Downloads\final website\hashlay-backend\node_modules\mongoose\lib\drivers\node-mongodb-native\collection.js:237:15)
    at model.Query._countDocuments (C:\Users\Lenovo\Downloads\final website\hashlay-backend\node_modules\mongoose\lib\query.js:2808:34)
    at model.Query.exec (C:\Users\Lenovo\Downloads\final website\hashlay-backend\node_modules\mongoose\lib\query.js:4627:80)
    at process.processTicksAndRejections (node:internal/process/task_queues:104:5)
    at async Promise.all (index 0)
    at async exports.getProducts (C:\Users\Lenovo\Downloads\final website\hashlay-backend\controllers\productController.js:19:18)
2026-05-17 20:09:38 [ERROR]: [GET] /api/products/categories → 500: Cannot call `products.distinct()` before initial connection is complete if `bufferCommands = false`. Make sure you `await mongoose.connect()` if you have `bufferCommands = false`.
MongooseError: Cannot call `products.distinct()` before initial connection is complete if `bufferCommands = false`. Make sure you `await mongoose.connect()` if you have `bufferCommands = false`.
    at NativeCollection.<computed> [as distinct] (C:\Users\Lenovo\Downloads\final website\hashlay-backend\node_modules\mongoose\lib\drivers\node-mongodb-native\collection.js:237:15)
    at model.Query.__distinct (C:\Users\Lenovo\Downloads\final website\hashlay-backend\node_modules\mongoose\lib\query.js:2975:5)
    at model.Query.exec (C:\Users\Lenovo\Downloads\final website\hashlay-backend\node_modules\mongoose\lib\query.js:4627:80)
    at process.processTicksAndRejections (node:internal/process/task_queues:104:5)
    at async exports.getCategories (C:\Users\Lenovo\Downloads\final website\hashlay-backend\controllers\productController.js:107:16)
2026-05-17 20:09:38 [ERROR]: [GET] /api/settings/beforeAfter → 500: Cannot call `settings.findOne()` before initial connection is complete if `bufferCommands = false`. Make sure you `await mongoose.connect()` if you have `bufferCommands = false`.
MongooseError: Cannot call `settings.findOne()` before initial connection is complete if `bufferCommands = false`. Make sure you `await mongoose.connect()` if you have `bufferCommands = false`.
    at NativeCollection.<computed> [as findOne] (C:\Users\Lenovo\Downloads\final website\hashlay-backend\node_modules\mongoose\lib\drivers\node-mongodb-native\collection.js:237:15)
    at model.Query._findOne (C:\Users\Lenovo\Downloads\final website\hashlay-backend\node_modules\mongoose\lib\query.js:2710:45)
    at model.Query.exec (C:\Users\Lenovo\Downloads\final website\hashlay-backend\node_modules\mongoose\lib\query.js:4627:80)
    at process.processTicksAndRejections (node:internal/process/task_queues:104:5)
    at async exports.get (C:\Users\Lenovo\Downloads\final website\hashlay-backend\controllers\settingsController.js:36:19)
2026-05-17 20:09:38 [ERROR]: [GET] /api/settings/videoSection → 500: Cannot call `settings.findOne()` before initial connection is complete if `bufferCommands = false`. Make sure you `await mongoose.connect()` if you have `bufferCommands = false`.
MongooseError: Cannot call `settings.findOne()` before initial connection is complete if `bufferCommands = false`. Make sure you `await mongoose.connect()` if you have `bufferCommands = false`.
    at NativeCollection.<computed> [as findOne] (C:\Users\Lenovo\Downloads\final website\hashlay-backend\node_modules\mongoose\lib\drivers\node-mongodb-native\collection.js:237:15)
    at model.Query._findOne (C:\Users\Lenovo\Downloads\final website\hashlay-backend\node_modules\mongoose\lib\query.js:2710:45)
    at model.Query.exec (C:\Users\Lenovo\Downloads\final website\hashlay-backend\node_modules\mongoose\lib\query.js:4627:80)
    at process.processTicksAndRejections (node:internal/process/task_queues:104:5)
    at async exports.get (C:\Users\Lenovo\Downloads\final website\hashlay-backend\controllers\settingsController.js:36:19)
2026-05-17 20:09:38 [ERROR]: [GET] /api/settings/carCareSection → 500: Cannot call `settings.findOne()` before initial connection is complete if `bufferCommands = false`. Make sure you `await mongoose.connect()` if you have `bufferCommands = false`.
MongooseError: Cannot call `settings.findOne()` before initial connection is complete if `bufferCommands = false`. Make sure you `await mongoose.connect()` if you have `bufferCommands = false`.
    at NativeCollection.<computed> [as findOne] (C:\Users\Lenovo\Downloads\final website\hashlay-backend\node_modules\mongoose\lib\drivers\node-mongodb-native\collection.js:237:15)
    at model.Query._findOne (C:\Users\Lenovo\Downloads\final website\hashlay-backend\node_modules\mongoose\lib\query.js:2710:45)
    at model.Query.exec (C:\Users\Lenovo\Downloads\final website\hashlay-backend\node_modules\mongoose\lib\query.js:4627:80)
    at process.processTicksAndRejections (node:internal/process/task_queues:104:5)
    at async exports.get (C:\Users\Lenovo\Downloads\final website\hashlay-backend\controllers\settingsController.js:36:19)
2026-05-17 20:09:38 [ERROR]: [GET] /api/sync/manifest → 500: Cannot call `products.findOne()` before initial connection is complete if `bufferCommands = false`. Make sure you `await mongoose.connect()` if you have `bufferCommands = false`.
MongooseError: Cannot call `products.findOne()` before initial connection is complete if `bufferCommands = false`. Make sure you `await mongoose.connect()` if you have `bufferCommands = false`.
    at NativeCollection.<computed> [as findOne] (C:\Users\Lenovo\Downloads\final website\hashlay-backend\node_modules\mongoose\lib\drivers\node-mongodb-native\collection.js:237:15)
    at model.Query._findOne (C:\Users\Lenovo\Downloads\final website\hashlay-backend\node_modules\mongoose\lib\query.js:2710:45)
    at model.Query.exec (C:\Users\Lenovo\Downloads\final website\hashlay-backend\node_modules\mongoose\lib\query.js:4627:80)
    at process.processTicksAndRejections (node:internal/process/task_queues:104:5)
    at async Promise.all (index 0)
    at async C:\Users\Lenovo\Downloads\final website\hashlay-backend\routes\sync.js:10:49
2026-05-17 20:09:39 [ERROR]: [GET] /api/reviews → 500: Cannot call `reviews.countDocuments()` before initial connection is complete if `bufferCommands = false`. Make sure you `await mongoose.connect()` if you have `bufferCommands = false`.
MongooseError: Cannot call `reviews.countDocuments()` before initial connection is complete if `bufferCommands = false`. Make sure you `await mongoose.connect()` if you have `bufferCommands = false`.
    at NativeCollection.<computed> [as countDocuments] (C:\Users\Lenovo\Downloads\final website\hashlay-backend\node_modules\mongoose\lib\drivers\node-mongodb-native\collection.js:237:15)
    at model.Query._countDocuments (C:\Users\Lenovo\Downloads\final website\hashlay-backend\node_modules\mongoose\lib\query.js:2808:34)
    at model.Query.exec (C:\Users\Lenovo\Downloads\final website\hashlay-backend\node_modules\mongoose\lib\query.js:4627:80)
    at process.processTicksAndRejections (node:internal/process/task_queues:104:5)
    at async Promise.all (index 0)
    at async exports.getReviews (C:\Users\Lenovo\Downloads\final website\hashlay-backend\controllers\miscControllers.js:21:18)
2026-05-17 20:09:39 [ERROR]: [GET] /api/chatbot/public → 500: Cannot call `chatbots.find()` before initial connection is complete if `bufferCommands = false`. Make sure you `await mongoose.connect()` if you have `bufferCommands = false`.
MongooseError: Cannot call `chatbots.find()` before initial connection is complete if `bufferCommands = false`. Make sure you `await mongoose.connect()` if you have `bufferCommands = false`.
    at NativeCollection.<computed> [as find] (C:\Users\Lenovo\Downloads\final website\hashlay-backend\node_modules\mongoose\lib\drivers\node-mongodb-native\collection.js:237:15)
    at model.Query._find (C:\Users\Lenovo\Downloads\final website\hashlay-backend\node_modules\mongoose\lib\query.js:2425:48)
    at model.Query.exec (C:\Users\Lenovo\Downloads\final website\hashlay-backend\node_modules\mongoose\lib\query.js:4627:80)
    at process.processTicksAndRejections (node:internal/process/task_queues:104:5)
    at async exports.getChatbotRules (C:\Users\Lenovo\Downloads\final website\hashlay-backend\controllers\miscControllers.js:180:17)
2026-05-17 20:13:12 [ERROR]: Unhandled Rejection:
2026-05-17 20:13:50 [ERROR]: Unhandled Rejection:
2026-05-17 20:14:52 [ERROR]: Unhandled Rejection:
2026-05-17 20:21:39 [ERROR]: [GET] /api/settings/public → 500: Cannot call `settings.find()` before initial connection is complete if `bufferCommands = false`. Make sure you `await mongoose.connect()` if you have `bufferCommands = false`.
MongooseError: Cannot call `settings.find()` before initial connection is complete if `bufferCommands = false`. Make sure you `await mongoose.connect()` if you have `bufferCommands = false`.
    at NativeCollection.<computed> [as find] (C:\Users\Lenovo\Downloads\final website\hashlay-backend\node_modules\mongoose\lib\drivers\node-mongodb-native\collection.js:237:15)
    at model.Query._find (C:\Users\Lenovo\Downloads\final website\hashlay-backend\node_modules\mongoose\lib\query.js:2425:48)
    at model.Query.exec (C:\Users\Lenovo\Downloads\final website\hashlay-backend\node_modules\mongoose\lib\query.js:4627:80)
    at process.processTicksAndRejections (node:internal/process/task_queues:104:5)
    at async exports.getPublic (C:\Users\Lenovo\Downloads\final website\hashlay-backend\controllers\settingsController.js:47:20)
2026-05-17 20:21:39 [ERROR]: [GET] /api/products → 500: Cannot call `products.countDocuments()` before initial connection is complete if `bufferCommands = false`. Make sure you `await mongoose.connect()` if you have `bufferCommands = false`.
MongooseError: Cannot call `products.countDocuments()` before initial connection is complete if `bufferCommands = false`. Make sure you `await mongoose.connect()` if you have `bufferCommands = false`.
    at NativeCollection.<computed> [as countDocuments] (C:\Users\Lenovo\Downloads\final website\hashlay-backend\node_modules\mongoose\lib\drivers\node-mongodb-native\collection.js:237:15)
    at model.Query._countDocuments (C:\Users\Lenovo\Downloads\final website\hashlay-backend\node_modules\mongoose\lib\query.js:2808:34)
    at model.Query.exec (C:\Users\Lenovo\Downloads\final website\hashlay-backend\node_modules\mongoose\lib\query.js:4627:80)
    at process.processTicksAndRejections (node:internal/process/task_queues:104:5)
    at async Promise.all (index 0)
    at async exports.getProducts (C:\Users\Lenovo\Downloads\final website\hashlay-backend\controllers\productController.js:19:18)
2026-05-17 20:21:39 [ERROR]: [GET] /api/products/categories → 500: Cannot call `products.distinct()` before initial connection is complete if `bufferCommands = false`. Make sure you `await mongoose.connect()` if you have `bufferCommands = false`.
MongooseError: Cannot call `products.distinct()` before initial connection is complete if `bufferCommands = false`. Make sure you `await mongoose.connect()` if you have `bufferCommands = false`.
    at NativeCollection.<computed> [as distinct] (C:\Users\Lenovo\Downloads\final website\hashlay-backend\node_modules\mongoose\lib\drivers\node-mongodb-native\collection.js:237:15)
    at model.Query.__distinct (C:\Users\Lenovo\Downloads\final website\hashlay-backend\node_modules\mongoose\lib\query.js:2975:5)
    at model.Query.exec (C:\Users\Lenovo\Downloads\final website\hashlay-backend\node_modules\mongoose\lib\query.js:4627:80)
    at process.processTicksAndRejections (node:internal/process/task_queues:104:5)
    at async exports.getCategories (C:\Users\Lenovo\Downloads\final website\hashlay-backend\controllers\productController.js:107:16)
2026-05-17 20:21:39 [ERROR]: [GET] /api/settings/beforeAfter → 500: Cannot call `settings.findOne()` before initial connection is complete if `bufferCommands = false`. Make sure you `await mongoose.connect()` if you have `bufferCommands = false`.
MongooseError: Cannot call `settings.findOne()` before initial connection is complete if `bufferCommands = false`. Make sure you `await mongoose.connect()` if you have `bufferCommands = false`.
    at NativeCollection.<computed> [as findOne] (C:\Users\Lenovo\Downloads\final website\hashlay-backend\node_modules\mongoose\lib\drivers\node-mongodb-native\collection.js:237:15)
    at model.Query._findOne (C:\Users\Lenovo\Downloads\final website\hashlay-backend\node_modules\mongoose\lib\query.js:2710:45)
    at model.Query.exec (C:\Users\Lenovo\Downloads\final website\hashlay-backend\node_modules\mongoose\lib\query.js:4627:80)
    at process.processTicksAndRejections (node:internal/process/task_queues:104:5)
    at async exports.get (C:\Users\Lenovo\Downloads\final website\hashlay-backend\controllers\settingsController.js:36:19)
2026-05-17 20:21:39 [ERROR]: [GET] /api/settings/videoSection → 500: Cannot call `settings.findOne()` before initial connection is complete if `bufferCommands = false`. Make sure you `await mongoose.connect()` if you have `bufferCommands = false`.
MongooseError: Cannot call `settings.findOne()` before initial connection is complete if `bufferCommands = false`. Make sure you `await mongoose.connect()` if you have `bufferCommands = false`.
    at NativeCollection.<computed> [as findOne] (C:\Users\Lenovo\Downloads\final website\hashlay-backend\node_modules\mongoose\lib\drivers\node-mongodb-native\collection.js:237:15)
    at model.Query._findOne (C:\Users\Lenovo\Downloads\final website\hashlay-backend\node_modules\mongoose\lib\query.js:2710:45)
    at model.Query.exec (C:\Users\Lenovo\Downloads\final website\hashlay-backend\node_modules\mongoose\lib\query.js:4627:80)
    at process.processTicksAndRejections (node:internal/process/task_queues:104:5)
    at async exports.get (C:\Users\Lenovo\Downloads\final website\hashlay-backend\controllers\settingsController.js:36:19)
2026-05-17 20:21:39 [ERROR]: [GET] /api/settings/carCareSection → 500: Cannot call `settings.findOne()` before initial connection is complete if `bufferCommands = false`. Make sure you `await mongoose.connect()` if you have `bufferCommands = false`.
MongooseError: Cannot call `settings.findOne()` before initial connection is complete if `bufferCommands = false`. Make sure you `await mongoose.connect()` if you have `bufferCommands = false`.
    at NativeCollection.<computed> [as findOne] (C:\Users\Lenovo\Downloads\final website\hashlay-backend\node_modules\mongoose\lib\drivers\node-mongodb-native\collection.js:237:15)
    at model.Query._findOne (C:\Users\Lenovo\Downloads\final website\hashlay-backend\node_modules\mongoose\lib\query.js:2710:45)
    at model.Query.exec (C:\Users\Lenovo\Downloads\final website\hashlay-backend\node_modules\mongoose\lib\query.js:4627:80)
    at process.processTicksAndRejections (node:internal/process/task_queues:104:5)
    at async exports.get (C:\Users\Lenovo\Downloads\final website\hashlay-backend\controllers\settingsController.js:36:19)
2026-05-17 20:21:39 [ERROR]: [GET] /api/sync/manifest → 500: Cannot call `products.findOne()` before initial connection is complete if `bufferCommands = false`. Make sure you `await mongoose.connect()` if you have `bufferCommands = false`.
MongooseError: Cannot call `products.findOne()` before initial connection is complete if `bufferCommands = false`. Make sure you `await mongoose.connect()` if you have `bufferCommands = false`.
    at NativeCollection.<computed> [as findOne] (C:\Users\Lenovo\Downloads\final website\hashlay-backend\node_modules\mongoose\lib\drivers\node-mongodb-native\collection.js:237:15)
    at model.Query._findOne (C:\Users\Lenovo\Downloads\final website\hashlay-backend\node_modules\mongoose\lib\query.js:2710:45)
    at model.Query.exec (C:\Users\Lenovo\Downloads\final website\hashlay-backend\node_modules\mongoose\lib\query.js:4627:80)
    at process.processTicksAndRejections (node:internal/process/task_queues:104:5)
    at async Promise.all (index 0)
    at async C:\Users\Lenovo\Downloads\final website\hashlay-backend\routes\sync.js:10:49
2026-05-17 20:21:39 [ERROR]: [GET] /api/reviews → 500: Cannot call `reviews.countDocuments()` before initial connection is complete if `bufferCommands = false`. Make sure you `await mongoose.connect()` if you have `bufferCommands = false`.
MongooseError: Cannot call `reviews.countDocuments()` before initial connection is complete if `bufferCommands = false`. Make sure you `await mongoose.connect()` if you have `bufferCommands = false`.
    at NativeCollection.<computed> [as countDocuments] (C:\Users\Lenovo\Downloads\final website\hashlay-backend\node_modules\mongoose\lib\drivers\node-mongodb-native\collection.js:237:15)
    at model.Query._countDocuments (C:\Users\Lenovo\Downloads\final website\hashlay-backend\node_modules\mongoose\lib\query.js:2808:34)
    at model.Query.exec (C:\Users\Lenovo\Downloads\final website\hashlay-backend\node_modules\mongoose\lib\query.js:4627:80)
    at process.processTicksAndRejections (node:internal/process/task_queues:104:5)
    at async Promise.all (index 0)
    at async exports.getReviews (C:\Users\Lenovo\Downloads\final website\hashlay-backend\controllers\miscControllers.js:21:18)
2026-05-17 20:21:39 [ERROR]: [GET] /api/chatbot/public → 500: Cannot call `chatbots.find()` before initial connection is complete if `bufferCommands = false`. Make sure you `await mongoose.connect()` if you have `bufferCommands = false`.
MongooseError: Cannot call `chatbots.find()` before initial connection is complete if `bufferCommands = false`. Make sure you `await mongoose.connect()` if you have `bufferCommands = false`.
    at NativeCollection.<computed> [as find] (C:\Users\Lenovo\Downloads\final website\hashlay-backend\node_modules\mongoose\lib\drivers\node-mongodb-native\collection.js:237:15)
    at model.Query._find (C:\Users\Lenovo\Downloads\final website\hashlay-backend\node_modules\mongoose\lib\query.js:2425:48)
    at model.Query.exec (C:\Users\Lenovo\Downloads\final website\hashlay-backend\node_modules\mongoose\lib\query.js:4627:80)
    at process.processTicksAndRejections (node:internal/process/task_queues:104:5)
    at async exports.getChatbotRules (C:\Users\Lenovo\Downloads\final website\hashlay-backend\controllers\miscControllers.js:180:17)
